{"/home/travis/build/npmtest/node-npmtest-rethinkdb/test.js":{"path":"/home/travis/build/npmtest/node-npmtest-rethinkdb/test.js","s":{"1":2,"2":2,"3":2,"4":2,"5":2,"6":2,"7":2,"8":1,"9":2,"10":2,"11":1,"12":1,"13":1,"14":1,"15":2,"16":2,"17":2,"18":2,"19":1,"20":1,"21":2,"22":2,"23":2,"24":1,"25":1,"26":1,"27":1,"28":1,"29":1,"30":1,"31":1,"32":1,"33":1,"34":1,"35":1,"36":1,"37":1,"38":1,"39":2,"40":2,"41":1,"42":2,"43":2,"44":1,"45":2,"46":2,"47":1,"48":2,"49":2,"50":1,"51":1,"52":1,"53":1,"54":1},"b":{"1":[2,1,1,1],"2":[1,1,1,1],"3":[1,1],"4":[1,1],"5":[1,1],"6":[1,1],"7":[1,1],"8":[1,1],"9":[1,1],"10":[1,1,1],"11":[1,1],"12":[1,1],"13":[1,1],"14":[1,1],"15":[1,1],"16":[1,1],"17":[1,1]},"f":{"1":2,"2":2,"3":2,"4":2,"5":2,"6":1,"7":1,"8":1,"9":2,"10":2,"11":2,"12":2,"13":1},"fnMap":{"1":{"name":"(anonymous_1)","line":12,"loc":{"start":{"line":12,"column":1},"end":{"line":12,"column":13}}},"2":{"name":"(anonymous_2)","line":19,"loc":{"start":{"line":19,"column":5},"end":{"line":19,"column":17}}},"3":{"name":"(anonymous_3)","line":23,"loc":{"start":{"line":23,"column":24},"end":{"line":23,"column":36}}},"4":{"name":"(anonymous_4)","line":61,"loc":{"start":{"line":61,"column":5},"end":{"line":61,"column":17}}},"5":{"name":"(anonymous_5)","line":82,"loc":{"start":{"line":82,"column":5},"end":{"line":82,"column":17}}},"6":{"name":"(anonymous_6)","line":91,"loc":{"start":{"line":91,"column":77},"end":{"line":94,"column":10}}},"7":{"name":"(anonymous_7)","line":112,"loc":{"start":{"line":112,"column":83},"end":{"line":115,"column":10}},"skip":true},"8":{"name":"(anonymous_8)","line":123,"loc":{"start":{"line":123,"column":77},"end":{"line":126,"column":10}},"skip":true},"9":{"name":"(anonymous_9)","line":139,"loc":{"start":{"line":139,"column":12},"end":{"line":139,"column":40}},"skip":true},"10":{"name":"(anonymous_10)","line":147,"loc":{"start":{"line":147,"column":77},"end":{"line":150,"column":10}},"skip":true},"11":{"name":"(anonymous_11)","line":158,"loc":{"start":{"line":158,"column":83},"end":{"line":161,"column":10}},"skip":true},"12":{"name":"(anonymous_12)","line":169,"loc":{"start":{"line":169,"column":79},"end":{"line":172,"column":10}},"skip":true},"13":{"name":"(anonymous_13)","line":180,"loc":{"start":{"line":180,"column":75},"end":{"line":183,"column":10}},"skip":true}},"statementMap":{"1":{"start":{"line":12,"column":0},"end":{"line":195,"column":5}},"2":{"start":{"line":14,"column":4},"end":{"line":14,"column":14}},"3":{"start":{"line":19,"column":4},"end":{"line":56,"column":9}},"4":{"start":{"line":21,"column":8},"end":{"line":21,"column":19}},"5":{"start":{"line":23,"column":8},"end":{"line":35,"column":13}},"6":{"start":{"line":24,"column":12},"end":{"line":34,"column":13}},"7":{"start":{"line":25,"column":16},"end":{"line":28,"column":30}},"8":{"start":{"line":30,"column":16},"end":{"line":33,"column":27}},"9":{"start":{"line":37,"column":8},"end":{"line":39,"column":21}},"10":{"start":{"line":40,"column":8},"end":{"line":53,"column":9}},"11":{"start":{"line":43,"column":12},"end":{"line":46,"column":14}},"12":{"start":{"line":47,"column":12},"end":{"line":47,"column":18}},"13":{"start":{"line":50,"column":12},"end":{"line":51,"column":33}},"14":{"start":{"line":52,"column":12},"end":{"line":52,"column":18}},"15":{"start":{"line":55,"column":8},"end":{"line":55,"column":35}},"16":{"start":{"line":61,"column":4},"end":{"line":63,"column":9}},"17":{"start":{"line":62,"column":8},"end":{"line":62,"column":15}},"18":{"start":{"line":64,"column":4},"end":{"line":77,"column":5}},"19":{"start":{"line":70,"column":8},"end":{"line":70,"column":14}},"20":{"start":{"line":76,"column":8},"end":{"line":76,"column":14}},"21":{"start":{"line":82,"column":4},"end":{"line":84,"column":9}},"22":{"start":{"line":83,"column":8},"end":{"line":83,"column":15}},"23":{"start":{"line":85,"column":4},"end":{"line":194,"column":5}},"24":{"start":{"line":91,"column":8},"end":{"line":99,"column":10}},"25":{"start":{"line":98,"column":12},"end":{"line":98,"column":35}},"26":{"start":{"line":102,"column":8},"end":{"line":104,"column":63}},"27":{"start":{"line":105,"column":8},"end":{"line":105,"column":14}},"28":{"start":{"line":112,"column":8},"end":{"line":121,"column":10},"skip":true},"29":{"start":{"line":119,"column":12},"end":{"line":119,"column":55},"skip":true},"30":{"start":{"line":120,"column":12},"end":{"line":120,"column":48},"skip":true},"31":{"start":{"line":123,"column":8},"end":{"line":136,"column":10},"skip":true},"32":{"start":{"line":130,"column":12},"end":{"line":130,"column":76},"skip":true},"33":{"start":{"line":131,"column":12},"end":{"line":131,"column":73},"skip":true},"34":{"start":{"line":132,"column":12},"end":{"line":132,"column":74},"skip":true},"35":{"start":{"line":133,"column":12},"end":{"line":133,"column":79},"skip":true},"36":{"start":{"line":134,"column":12},"end":{"line":134,"column":25},"skip":true},"37":{"start":{"line":135,"column":12},"end":{"line":135,"column":45},"skip":true},"38":{"start":{"line":138,"column":8},"end":{"line":145,"column":14},"skip":true},"39":{"start":{"line":143,"column":16},"end":{"line":143,"column":29},"skip":true},"40":{"start":{"line":144,"column":16},"end":{"line":144,"column":55},"skip":true},"41":{"start":{"line":147,"column":8},"end":{"line":156,"column":10},"skip":true},"42":{"start":{"line":154,"column":12},"end":{"line":154,"column":25},"skip":true},"43":{"start":{"line":155,"column":12},"end":{"line":155,"column":45},"skip":true},"44":{"start":{"line":158,"column":8},"end":{"line":167,"column":10},"skip":true},"45":{"start":{"line":165,"column":12},"end":{"line":165,"column":25},"skip":true},"46":{"start":{"line":166,"column":12},"end":{"line":166,"column":48},"skip":true},"47":{"start":{"line":169,"column":8},"end":{"line":178,"column":10},"skip":true},"48":{"start":{"line":176,"column":12},"end":{"line":176,"column":25},"skip":true},"49":{"start":{"line":177,"column":12},"end":{"line":177,"column":46},"skip":true},"50":{"start":{"line":180,"column":8},"end":{"line":189,"column":10},"skip":true},"51":{"start":{"line":187,"column":12},"end":{"line":187,"column":94},"skip":true},"52":{"start":{"line":188,"column":12},"end":{"line":188,"column":48},"skip":true},"53":{"start":{"line":192,"column":8},"end":{"line":192,"column":35},"skip":true},"54":{"start":{"line":193,"column":8},"end":{"line":193,"column":14},"skip":true}},"branchMap":{"1":{"line":25,"type":"binary-expr","locations":[{"start":{"line":25,"column":23},"end":{"line":25,"column":62}},{"start":{"line":26,"column":20},"end":{"line":26,"column":70}},{"start":{"line":27,"column":20},"end":{"line":27,"column":71}},{"start":{"line":28,"column":20},"end":{"line":28,"column":29}}]},"2":{"line":30,"type":"binary-expr","locations":[{"start":{"line":30,"column":23},"end":{"line":30,"column":37}},{"start":{"line":31,"column":20},"end":{"line":31,"column":61}},{"start":{"line":32,"column":20},"end":{"line":32,"column":70}},{"start":{"line":33,"column":20},"end":{"line":33,"column":26}}]},"3":{"line":37,"type":"cond-expr","locations":[{"start":{"line":38,"column":14},"end":{"line":38,"column":20}},{"start":{"line":39,"column":14},"end":{"line":39,"column":20}}]},"4":{"line":40,"type":"switch","locations":[{"start":{"line":42,"column":8},"end":{"line":47,"column":18}},{"start":{"line":49,"column":8},"end":{"line":52,"column":18}}]},"5":{"line":44,"type":"binary-expr","locations":[{"start":{"line":44,"column":16},"end":{"line":44,"column":44}},{"start":{"line":44,"column":48},"end":{"line":44,"column":66}}]},"6":{"line":50,"type":"binary-expr","locations":[{"start":{"line":50,"column":21},"end":{"line":50,"column":49}},{"start":{"line":50,"column":53},"end":{"line":50,"column":72}}]},"7":{"line":64,"type":"switch","locations":[{"start":{"line":69,"column":4},"end":{"line":70,"column":14}},{"start":{"line":75,"column":4},"end":{"line":76,"column":14}}]},"8":{"line":85,"type":"switch","locations":[{"start":{"line":90,"column":4},"end":{"line":105,"column":14}},{"start":{"line":111,"column":4},"end":{"line":193,"column":14},"skip":true}]},"9":{"line":91,"type":"binary-expr","locations":[{"start":{"line":91,"column":42},"end":{"line":91,"column":73}},{"start":{"line":91,"column":77},"end":{"line":99,"column":9}}]},"10":{"line":102,"type":"binary-expr","locations":[{"start":{"line":102,"column":18},"end":{"line":102,"column":32}},{"start":{"line":103,"column":12},"end":{"line":103,"column":53}},{"start":{"line":104,"column":12},"end":{"line":104,"column":61}}]},"11":{"line":112,"type":"binary-expr","locations":[{"start":{"line":112,"column":45},"end":{"line":112,"column":79},"skip":true},{"start":{"line":112,"column":83},"end":{"line":121,"column":9},"skip":true}]},"12":{"line":123,"type":"binary-expr","locations":[{"start":{"line":123,"column":42},"end":{"line":123,"column":73},"skip":true},{"start":{"line":123,"column":77},"end":{"line":136,"column":9},"skip":true}]},"13":{"line":138,"type":"binary-expr","locations":[{"start":{"line":138,"column":48},"end":{"line":138,"column":85},"skip":true},{"start":{"line":139,"column":12},"end":{"line":145,"column":13},"skip":true}]},"14":{"line":147,"type":"binary-expr","locations":[{"start":{"line":147,"column":42},"end":{"line":147,"column":73},"skip":true},{"start":{"line":147,"column":77},"end":{"line":156,"column":9},"skip":true}]},"15":{"line":158,"type":"binary-expr","locations":[{"start":{"line":158,"column":45},"end":{"line":158,"column":79},"skip":true},{"start":{"line":158,"column":83},"end":{"line":167,"column":9},"skip":true}]},"16":{"line":169,"type":"binary-expr","locations":[{"start":{"line":169,"column":43},"end":{"line":169,"column":75},"skip":true},{"start":{"line":169,"column":79},"end":{"line":178,"column":9},"skip":true}]},"17":{"line":180,"type":"binary-expr","locations":[{"start":{"line":180,"column":41},"end":{"line":180,"column":71},"skip":true},{"start":{"line":180,"column":75},"end":{"line":189,"column":9},"skip":true}]}},"code":["/* istanbul instrument in package npmtest_rethinkdb */","/*jslint","    bitwise: true,","    browser: true,","    maxerr: 8,","    maxlen: 96,","    node: true,","    nomen: true,","    regexp: true,","    stupid: true","*/","(function () {","    'use strict';","    var local;","","","","    // run shared js-env code - pre-init","    (function () {","        // init local","        local = {};","        // init modeJs","        local.modeJs = (function () {","            try {","                return typeof navigator.userAgent === 'string' &&","                    typeof document.querySelector('body') === 'object' &&","                    typeof XMLHttpRequest.prototype.open === 'function' &&","                    'browser';","            } catch (errorCaughtBrowser) {","                return module.exports &&","                    typeof process.versions.node === 'string' &&","                    typeof require('http').createServer === 'function' &&","                    'node';","            }","        }());","        // init global","        local.global = local.modeJs === 'browser'","            ? window","            : global;","        switch (local.modeJs) {","        // re-init local from window.local","        case 'browser':","            local = local.global.utility2.objectSetDefault(","                local.global.utility2_rollup || local.global.local,","                local.global.utility2","            );","            break;","        // re-init local from example.js","        case 'node':","            local = (local.global.utility2_rollup || require('utility2'))","                .requireReadme();","            break;","        }","        // export local","        local.global.local = local;","    }());","","","","    // run shared js-env code - function","    (function () {","        return;","    }());","    switch (local.modeJs) {","","","","    // run browser js-env code - function","    case 'browser':","        break;","","","","    // run node js-env code - function","    case 'node':","        break;","    }","","","","    // run shared js-env code - post-init","    (function () {","        return;","    }());","    switch (local.modeJs) {","","","","    // run browser js-env code - post-init","    case 'browser':","        local.testCase_browser_nullCase = local.testCase_browser_nullCase || function (","            options,","            onError","        ) {","        /*","         * this function will test browsers's null-case handling-behavior-behavior","         */","            onError(null, options);","        };","","        // run tests","        local.nop(local.modeTest &&","            document.querySelector('#testRunButton1') &&","            document.querySelector('#testRunButton1').click());","        break;","","","","    // run node js-env code - post-init","    /* istanbul ignore next */","    case 'node':","        local.testCase_buildApidoc_default = local.testCase_buildApidoc_default || function (","            options,","            onError","        ) {","        /*","         * this function will test buildApidoc's default handling-behavior-behavior","         */","            options = { modulePathList: module.paths };","            local.buildApidoc(options, onError);","        };","","        local.testCase_buildApp_default = local.testCase_buildApp_default || function (","            options,","            onError","        ) {","        /*","         * this function will test buildApp's default handling-behavior-behavior","         */","            local.testCase_buildReadme_default(options, local.onErrorThrow);","            local.testCase_buildLib_default(options, local.onErrorThrow);","            local.testCase_buildTest_default(options, local.onErrorThrow);","            local.testCase_buildCustomOrg_default(options, local.onErrorThrow);","            options = [];","            local.buildApp(options, onError);","        };","","        local.testCase_buildCustomOrg_default = local.testCase_buildCustomOrg_default ||","            function (options, onError) {","            /*","             * this function will test buildCustomOrg's default handling-behavior","             */","                options = {};","                local.buildCustomOrg(options, onError);","            };","","        local.testCase_buildLib_default = local.testCase_buildLib_default || function (","            options,","            onError","        ) {","        /*","         * this function will test buildLib's default handling-behavior","         */","            options = {};","            local.buildLib(options, onError);","        };","","        local.testCase_buildReadme_default = local.testCase_buildReadme_default || function (","            options,","            onError","        ) {","        /*","         * this function will test buildReadme's default handling-behavior-behavior","         */","            options = {};","            local.buildReadme(options, onError);","        };","","        local.testCase_buildTest_default = local.testCase_buildTest_default || function (","            options,","            onError","        ) {","        /*","         * this function will test buildTest's default handling-behavior","         */","            options = {};","            local.buildTest(options, onError);","        };","","        local.testCase_webpage_default = local.testCase_webpage_default || function (","            options,","            onError","        ) {","        /*","         * this function will test webpage's default handling-behavior","         */","            options = { modeCoverageMerge: true, url: local.serverLocalHost + '?modeTest=1' };","            local.browserTest(options, onError);","        };","","        // run test-server","        local.testRunServer(local);","        break;","    }","}());",""],"l":{"12":2,"14":2,"19":2,"21":2,"23":2,"24":2,"25":2,"30":1,"37":2,"40":2,"43":1,"47":1,"50":1,"52":1,"55":2,"61":2,"62":2,"64":2,"70":1,"76":1,"82":2,"83":2,"85":2,"91":1,"98":1,"102":1,"105":1,"112":1,"119":1,"120":1,"123":1,"130":1,"131":1,"132":1,"133":1,"134":1,"135":1,"138":1,"143":2,"144":2,"147":1,"154":2,"155":2,"158":1,"165":2,"166":2,"169":1,"176":2,"177":2,"180":1,"187":1,"188":1,"192":1,"193":1}},"/home/travis/build/npmtest/node-npmtest-rethinkdb/lib.npmtest_rethinkdb.js":{"path":"/home/travis/build/npmtest/node-npmtest-rethinkdb/lib.npmtest_rethinkdb.js","s":{"1":2,"2":2,"3":2,"4":2,"5":2,"6":2,"7":2,"8":1,"9":2,"10":2,"11":2,"12":2,"13":1,"14":1,"15":1,"16":1},"b":{"1":[2,1,1,1],"2":[1,1,1,1],"3":[1,1],"4":[2,2],"5":[1,1]},"f":{"1":2,"2":2,"3":2},"fnMap":{"1":{"name":"(anonymous_1)","line":12,"loc":{"start":{"line":12,"column":1},"end":{"line":12,"column":13}}},"2":{"name":"(anonymous_2)","line":19,"loc":{"start":{"line":19,"column":5},"end":{"line":19,"column":17}}},"3":{"name":"(anonymous_3)","line":23,"loc":{"start":{"line":23,"column":24},"end":{"line":23,"column":36}}}},"statementMap":{"1":{"start":{"line":12,"column":0},"end":{"line":53,"column":5}},"2":{"start":{"line":14,"column":4},"end":{"line":14,"column":14}},"3":{"start":{"line":19,"column":4},"end":{"line":52,"column":9}},"4":{"start":{"line":21,"column":8},"end":{"line":21,"column":19}},"5":{"start":{"line":23,"column":8},"end":{"line":35,"column":13}},"6":{"start":{"line":24,"column":12},"end":{"line":34,"column":13}},"7":{"start":{"line":25,"column":16},"end":{"line":28,"column":30}},"8":{"start":{"line":30,"column":16},"end":{"line":33,"column":27}},"9":{"start":{"line":37,"column":8},"end":{"line":39,"column":21}},"10":{"start":{"line":41,"column":8},"end":{"line":41,"column":54}},"11":{"start":{"line":43,"column":8},"end":{"line":43,"column":54}},"12":{"start":{"line":45,"column":8},"end":{"line":51,"column":9}},"13":{"start":{"line":46,"column":12},"end":{"line":46,"column":60}},"14":{"start":{"line":48,"column":12},"end":{"line":48,"column":35}},"15":{"start":{"line":49,"column":12},"end":{"line":49,"column":49}},"16":{"start":{"line":50,"column":12},"end":{"line":50,"column":43}}},"branchMap":{"1":{"line":25,"type":"binary-expr","locations":[{"start":{"line":25,"column":23},"end":{"line":25,"column":62}},{"start":{"line":26,"column":20},"end":{"line":26,"column":70}},{"start":{"line":27,"column":20},"end":{"line":27,"column":71}},{"start":{"line":28,"column":20},"end":{"line":28,"column":29}}]},"2":{"line":30,"type":"binary-expr","locations":[{"start":{"line":30,"column":23},"end":{"line":30,"column":37}},{"start":{"line":31,"column":20},"end":{"line":31,"column":61}},{"start":{"line":32,"column":20},"end":{"line":32,"column":70}},{"start":{"line":33,"column":20},"end":{"line":33,"column":26}}]},"3":{"line":37,"type":"cond-expr","locations":[{"start":{"line":38,"column":14},"end":{"line":38,"column":20}},{"start":{"line":39,"column":14},"end":{"line":39,"column":20}}]},"4":{"line":41,"type":"binary-expr","locations":[{"start":{"line":41,"column":16},"end":{"line":41,"column":44}},{"start":{"line":41,"column":48},"end":{"line":41,"column":53}}]},"5":{"line":45,"type":"if","locations":[{"start":{"line":45,"column":8},"end":{"line":45,"column":8}},{"start":{"line":45,"column":8},"end":{"line":45,"column":8}}]}},"code":["/* istanbul instrument in package npmtest_rethinkdb */","/*jslint","    bitwise: true,","    browser: true,","    maxerr: 8,","    maxlen: 96,","    node: true,","    nomen: true,","    regexp: true,","    stupid: true","*/","(function () {","    'use strict';","    var local;","","","","    // run shared js-env code - pre-init","    (function () {","        // init local","        local = {};","        // init modeJs","        local.modeJs = (function () {","            try {","                return typeof navigator.userAgent === 'string' &&","                    typeof document.querySelector('body') === 'object' &&","                    typeof XMLHttpRequest.prototype.open === 'function' &&","                    'browser';","            } catch (errorCaughtBrowser) {","                return module.exports &&","                    typeof process.versions.node === 'string' &&","                    typeof require('http').createServer === 'function' &&","                    'node';","            }","        }());","        // init global","        local.global = local.modeJs === 'browser'","            ? window","            : global;","        // init utility2_rollup","        local = local.global.utility2_rollup || local;","        // init lib","        local.local = local.npmtest_rethinkdb = local;","        // init exports","        if (local.modeJs === 'browser') {","            local.global.utility2_npmtest_rethinkdb = local;","        } else {","            module.exports = local;","            module.exports.__dirname = __dirname;","            module.exports.module = module;","        }","    }());","}());",""],"l":{"12":2,"14":2,"19":2,"21":2,"23":2,"24":2,"25":2,"30":1,"37":2,"41":2,"43":2,"45":2,"46":1,"48":1,"49":1,"50":1}},"/home/travis/build/npmtest/node-npmtest-rethinkdb/example.js":{"path":"/home/travis/build/npmtest/node-npmtest-rethinkdb/example.js","s":{"1":2,"2":2,"3":2,"4":2,"5":2,"6":2,"7":2,"8":1,"9":2,"10":2,"11":2,"12":2,"13":1,"14":2,"15":2,"16":2,"17":2,"18":2,"19":0,"20":2,"21":1,"22":1,"23":1,"24":1,"25":1,"26":0,"27":0,"28":1,"29":1,"30":2,"31":0,"32":0,"33":0,"34":1,"35":2,"36":2,"37":3,"38":3,"39":3,"40":3,"41":0,"42":3,"43":3,"44":3,"45":1,"46":3,"47":1,"48":1,"49":1,"50":1,"51":1,"52":1,"53":1,"54":1,"55":1,"56":1,"57":0,"58":1,"59":6,"60":6,"61":1,"62":2,"63":0,"64":2,"65":1,"66":1,"67":0,"68":0,"69":0,"70":0,"71":0,"72":0,"73":0,"74":0,"75":0,"76":0,"77":0,"78":0,"79":0,"80":0,"81":0,"82":0,"83":0},"b":{"1":[2,1,1,1],"2":[1,1,1,1],"3":[1,1],"4":[2,2],"5":[1,1],"6":[1,1],"7":[2,0],"8":[2,1,1,1,1,1],"9":[0,2,0],"10":[1,1],"11":[2,1,1],"12":[1,0],"13":[0,2],"14":[2,0,0,0,0,0,0],"15":[0,3],"16":[3,0],"17":[1,1],"18":[0,1],"19":[1,2,0,2],"20":[1,0],"21":[1,1],"22":[0,0],"23":[0,0],"24":[0,0],"25":[0,0],"26":[0,0],"27":[0,0],"28":[0,0]},"f":{"1":2,"2":2,"3":2,"4":2,"5":2,"6":2,"7":3,"8":3,"9":3,"10":1,"11":6,"12":0},"fnMap":{"1":{"name":"(anonymous_1)","line":26,"loc":{"start":{"line":26,"column":1},"end":{"line":26,"column":13}}},"2":{"name":"(anonymous_2)","line":33,"loc":{"start":{"line":33,"column":5},"end":{"line":33,"column":17}}},"3":{"name":"(anonymous_3)","line":37,"loc":{"start":{"line":37,"column":24},"end":{"line":37,"column":36}}},"4":{"name":"(anonymous_4)","line":69,"loc":{"start":{"line":69,"column":31},"end":{"line":69,"column":48}},"skip":true},"5":{"name":"(anonymous_5)","line":78,"loc":{"start":{"line":78,"column":26},"end":{"line":78,"column":45}},"skip":true},"6":{"name":"(anonymous_6)","line":123,"loc":{"start":{"line":123,"column":33},"end":{"line":123,"column":48}},"skip":true},"7":{"name":"(anonymous_7)","line":125,"loc":{"start":{"line":125,"column":27},"end":{"line":125,"column":39}},"skip":true},"8":{"name":"(anonymous_8)","line":133,"loc":{"start":{"line":133,"column":59},"end":{"line":133,"column":74}},"skip":true},"9":{"name":"(anonymous_9)","line":143,"loc":{"start":{"line":143,"column":45},"end":{"line":143,"column":62}},"skip":true},"10":{"name":"(anonymous_10)","line":144,"loc":{"start":{"line":144,"column":73},"end":{"line":144,"column":92}},"skip":true},"11":{"name":"(anonymous_11)","line":272,"loc":{"start":{"line":272,"column":51},"end":{"line":272,"column":77}},"skip":true},"12":{"name":"(anonymous_12)","line":315,"loc":{"start":{"line":315,"column":32},"end":{"line":315,"column":61}},"skip":true}},"statementMap":{"1":{"start":{"line":26,"column":0},"end":{"line":326,"column":5}},"2":{"start":{"line":28,"column":4},"end":{"line":28,"column":14}},"3":{"start":{"line":33,"column":4},"end":{"line":60,"column":9}},"4":{"start":{"line":35,"column":8},"end":{"line":35,"column":19}},"5":{"start":{"line":37,"column":8},"end":{"line":49,"column":13}},"6":{"start":{"line":38,"column":12},"end":{"line":48,"column":13}},"7":{"start":{"line":39,"column":16},"end":{"line":42,"column":30}},"8":{"start":{"line":44,"column":16},"end":{"line":47,"column":27}},"9":{"start":{"line":51,"column":8},"end":{"line":53,"column":21}},"10":{"start":{"line":55,"column":8},"end":{"line":57,"column":45}},"11":{"start":{"line":59,"column":8},"end":{"line":59,"column":35}},"12":{"start":{"line":61,"column":4},"end":{"line":325,"column":5}},"13":{"start":{"line":69,"column":8},"end":{"line":121,"column":10},"skip":true},"14":{"start":{"line":70,"column":12},"end":{"line":88,"column":13},"skip":true},"15":{"start":{"line":76,"column":16},"end":{"line":87,"column":19},"skip":true},"16":{"start":{"line":79,"column":20},"end":{"line":86,"column":21},"skip":true},"17":{"start":{"line":82,"column":24},"end":{"line":82,"column":43},"skip":true},"18":{"start":{"line":83,"column":24},"end":{"line":83,"column":30},"skip":true},"19":{"start":{"line":85,"column":24},"end":{"line":85,"column":49},"skip":true},"20":{"start":{"line":89,"column":12},"end":{"line":107,"column":13},"skip":true},"21":{"start":{"line":92,"column":16},"end":{"line":102,"column":17},"skip":true},"22":{"start":{"line":93,"column":20},"end":{"line":93,"column":86},"skip":true},"23":{"start":{"line":94,"column":20},"end":{"line":95,"column":45},"skip":true},"24":{"start":{"line":96,"column":20},"end":{"line":96,"column":42},"skip":true},"25":{"start":{"line":97,"column":20},"end":{"line":97,"column":48},"skip":true},"26":{"start":{"line":100,"column":20},"end":{"line":100,"column":85},"skip":true},"27":{"start":{"line":101,"column":20},"end":{"line":101,"column":96},"skip":true},"28":{"start":{"line":103,"column":16},"end":{"line":103,"column":22},"skip":true},"29":{"start":{"line":106,"column":16},"end":{"line":106,"column":22},"skip":true},"30":{"start":{"line":108,"column":12},"end":{"line":120,"column":13},"skip":true},"31":{"start":{"line":114,"column":16},"end":{"line":119,"column":17},"skip":true},"32":{"start":{"line":116,"column":20},"end":{"line":116,"column":78},"skip":true},"33":{"start":{"line":118,"column":20},"end":{"line":118,"column":47},"skip":true},"34":{"start":{"line":123,"column":8},"end":{"line":141,"column":11},"skip":true},"35":{"start":{"line":124,"column":12},"end":{"line":124,"column":54},"skip":true},"36":{"start":{"line":125,"column":12},"end":{"line":140,"column":14},"skip":true},"37":{"start":{"line":126,"column":16},"end":{"line":126,"column":28},"skip":true},"38":{"start":{"line":127,"column":16},"end":{"line":127,"column":69},"skip":true},"39":{"start":{"line":128,"column":16},"end":{"line":128,"column":75},"skip":true},"40":{"start":{"line":129,"column":16},"end":{"line":131,"column":17},"skip":true},"41":{"start":{"line":130,"column":20},"end":{"line":130,"column":27},"skip":true},"42":{"start":{"line":133,"column":16},"end":{"line":137,"column":36},"skip":true},"43":{"start":{"line":134,"column":20},"end":{"line":136,"column":55},"skip":true},"44":{"start":{"line":139,"column":16},"end":{"line":139,"column":57},"skip":true},"45":{"start":{"line":143,"column":8},"end":{"line":147,"column":11},"skip":true},"46":{"start":{"line":144,"column":12},"end":{"line":146,"column":15},"skip":true},"47":{"start":{"line":145,"column":16},"end":{"line":145,"column":70},"skip":true},"48":{"start":{"line":149,"column":8},"end":{"line":149,"column":31},"skip":true},"49":{"start":{"line":150,"column":8},"end":{"line":150,"column":14},"skip":true},"50":{"start":{"line":158,"column":8},"end":{"line":158,"column":31},"skip":true},"51":{"start":{"line":160,"column":8},"end":{"line":160,"column":33},"skip":true},"52":{"start":{"line":161,"column":8},"end":{"line":161,"column":37},"skip":true},"53":{"start":{"line":162,"column":8},"end":{"line":162,"column":35},"skip":true},"54":{"start":{"line":164,"column":8},"end":{"line":164,"column":50},"skip":true},"55":{"start":{"line":166,"column":8},"end":{"line":256,"column":2},"skip":true},"56":{"start":{"line":258,"column":8},"end":{"line":286,"column":9},"skip":true},"57":{"start":{"line":259,"column":12},"end":{"line":269,"column":14},"skip":true},"58":{"start":{"line":271,"column":12},"end":{"line":285,"column":19},"skip":true},"59":{"start":{"line":274,"column":20},"end":{"line":274,"column":35},"skip":true},"60":{"start":{"line":275,"column":20},"end":{"line":284,"column":21},"skip":true},"61":{"start":{"line":277,"column":24},"end":{"line":277,"column":64},"skip":true},"62":{"start":{"line":279,"column":24},"end":{"line":279,"column":40},"skip":true},"63":{"start":{"line":281,"column":24},"end":{"line":281,"column":40},"skip":true},"64":{"start":{"line":283,"column":24},"end":{"line":283,"column":39},"skip":true},"65":{"start":{"line":288,"column":8},"end":{"line":290,"column":9},"skip":true},"66":{"start":{"line":289,"column":12},"end":{"line":289,"column":18},"skip":true},"67":{"start":{"line":291,"column":8},"end":{"line":293,"column":54},"skip":true},"68":{"start":{"line":296,"column":8},"end":{"line":301,"column":37},"skip":true},"69":{"start":{"line":303,"column":8},"end":{"line":303,"column":82},"skip":true},"70":{"start":{"line":306,"column":8},"end":{"line":308,"column":9},"skip":true},"71":{"start":{"line":307,"column":12},"end":{"line":307,"column":82},"skip":true},"72":{"start":{"line":310,"column":8},"end":{"line":312,"column":9},"skip":true},"73":{"start":{"line":311,"column":12},"end":{"line":311,"column":18},"skip":true},"74":{"start":{"line":313,"column":8},"end":{"line":313,"column":54},"skip":true},"75":{"start":{"line":314,"column":8},"end":{"line":314,"column":69},"skip":true},"76":{"start":{"line":315,"column":8},"end":{"line":323,"column":36},"skip":true},"77":{"start":{"line":316,"column":12},"end":{"line":316,"column":61},"skip":true},"78":{"start":{"line":317,"column":12},"end":{"line":320,"column":13},"skip":true},"79":{"start":{"line":318,"column":16},"end":{"line":318,"column":75},"skip":true},"80":{"start":{"line":319,"column":16},"end":{"line":319,"column":23},"skip":true},"81":{"start":{"line":321,"column":12},"end":{"line":321,"column":38},"skip":true},"82":{"start":{"line":322,"column":12},"end":{"line":322,"column":27},"skip":true},"83":{"start":{"line":324,"column":8},"end":{"line":324,"column":14},"skip":true}},"branchMap":{"1":{"line":39,"type":"binary-expr","locations":[{"start":{"line":39,"column":23},"end":{"line":39,"column":62}},{"start":{"line":40,"column":20},"end":{"line":40,"column":70}},{"start":{"line":41,"column":20},"end":{"line":41,"column":71}},{"start":{"line":42,"column":20},"end":{"line":42,"column":29}}]},"2":{"line":44,"type":"binary-expr","locations":[{"start":{"line":44,"column":23},"end":{"line":44,"column":37}},{"start":{"line":45,"column":20},"end":{"line":45,"column":61}},{"start":{"line":46,"column":20},"end":{"line":46,"column":70}},{"start":{"line":47,"column":20},"end":{"line":47,"column":26}}]},"3":{"line":51,"type":"cond-expr","locations":[{"start":{"line":52,"column":14},"end":{"line":52,"column":20}},{"start":{"line":53,"column":14},"end":{"line":53,"column":20}}]},"4":{"line":55,"type":"binary-expr","locations":[{"start":{"line":55,"column":16},"end":{"line":55,"column":44}},{"start":{"line":55,"column":49},"end":{"line":57,"column":43}}]},"5":{"line":55,"type":"cond-expr","locations":[{"start":{"line":56,"column":14},"end":{"line":56,"column":53}},{"start":{"line":57,"column":14},"end":{"line":57,"column":43}}]},"6":{"line":61,"type":"switch","locations":[{"start":{"line":68,"column":4},"end":{"line":150,"column":14},"skip":true},{"start":{"line":156,"column":4},"end":{"line":324,"column":14},"skip":true}]},"7":{"line":70,"type":"if","locations":[{"start":{"line":70,"column":12},"end":{"line":70,"column":12},"skip":true},{"start":{"line":70,"column":12},"end":{"line":70,"column":12},"skip":true}]},"8":{"line":70,"type":"binary-expr","locations":[{"start":{"line":70,"column":16},"end":{"line":70,"column":22},"skip":true},{"start":{"line":70,"column":27},"end":{"line":70,"column":32},"skip":true},{"start":{"line":71,"column":20},"end":{"line":71,"column":39},"skip":true},{"start":{"line":72,"column":20},"end":{"line":72,"column":49},"skip":true},{"start":{"line":73,"column":20},"end":{"line":73,"column":58},"skip":true},{"start":{"line":74,"column":20},"end":{"line":74,"column":69},"skip":true}]},"9":{"line":79,"type":"switch","locations":[{"start":{"line":80,"column":20},"end":{"line":80,"column":33},"skip":true},{"start":{"line":81,"column":20},"end":{"line":83,"column":30},"skip":true},{"start":{"line":84,"column":20},"end":{"line":85,"column":49},"skip":true}]},"10":{"line":89,"type":"switch","locations":[{"start":{"line":90,"column":12},"end":{"line":103,"column":22},"skip":true},{"start":{"line":105,"column":12},"end":{"line":106,"column":22},"skip":true}]},"11":{"line":89,"type":"binary-expr","locations":[{"start":{"line":89,"column":20},"end":{"line":89,"column":25},"skip":true},{"start":{"line":89,"column":29},"end":{"line":89,"column":48},"skip":true},{"start":{"line":89,"column":52},"end":{"line":89,"column":74},"skip":true}]},"12":{"line":92,"type":"if","locations":[{"start":{"line":92,"column":16},"end":{"line":92,"column":16},"skip":true},{"start":{"line":92,"column":16},"end":{"line":92,"column":16},"skip":true}]},"13":{"line":108,"type":"if","locations":[{"start":{"line":108,"column":12},"end":{"line":108,"column":12},"skip":true},{"start":{"line":108,"column":12},"end":{"line":108,"column":12},"skip":true}]},"14":{"line":108,"type":"binary-expr","locations":[{"start":{"line":108,"column":16},"end":{"line":108,"column":61},"skip":true},{"start":{"line":108,"column":66},"end":{"line":108,"column":72},"skip":true},{"start":{"line":108,"column":77},"end":{"line":108,"column":82},"skip":true},{"start":{"line":109,"column":20},"end":{"line":109,"column":39},"skip":true},{"start":{"line":110,"column":20},"end":{"line":110,"column":49},"skip":true},{"start":{"line":111,"column":20},"end":{"line":111,"column":58},"skip":true},{"start":{"line":112,"column":20},"end":{"line":112,"column":68},"skip":true}]},"15":{"line":129,"type":"if","locations":[{"start":{"line":129,"column":16},"end":{"line":129,"column":16},"skip":true},{"start":{"line":129,"column":16},"end":{"line":129,"column":16},"skip":true}]},"16":{"line":134,"type":"cond-expr","locations":[{"start":{"line":135,"column":26},"end":{"line":135,"column":29},"skip":true},{"start":{"line":136,"column":26},"end":{"line":136,"column":54},"skip":true}]},"17":{"line":164,"type":"binary-expr","locations":[{"start":{"line":164,"column":27},"end":{"line":164,"column":43},"skip":true},{"start":{"line":164,"column":47},"end":{"line":164,"column":49},"skip":true}]},"18":{"line":258,"type":"if","locations":[{"start":{"line":258,"column":8},"end":{"line":258,"column":8},"skip":true},{"start":{"line":258,"column":8},"end":{"line":258,"column":8},"skip":true}]},"19":{"line":275,"type":"switch","locations":[{"start":{"line":276,"column":20},"end":{"line":277,"column":64},"skip":true},{"start":{"line":278,"column":20},"end":{"line":279,"column":40},"skip":true},{"start":{"line":280,"column":20},"end":{"line":281,"column":40},"skip":true},{"start":{"line":282,"column":20},"end":{"line":283,"column":39},"skip":true}]},"20":{"line":288,"type":"if","locations":[{"start":{"line":288,"column":8},"end":{"line":288,"column":8},"skip":true},{"start":{"line":288,"column":8},"end":{"line":288,"column":8},"skip":true}]},"21":{"line":288,"type":"binary-expr","locations":[{"start":{"line":288,"column":12},"end":{"line":288,"column":40},"skip":true},{"start":{"line":288,"column":44},"end":{"line":288,"column":67},"skip":true}]},"22":{"line":292,"type":"binary-expr","locations":[{"start":{"line":292,"column":12},"end":{"line":292,"column":50},"skip":true},{"start":{"line":293,"column":12},"end":{"line":293,"column":53},"skip":true}]},"23":{"line":297,"type":"binary-expr","locations":[{"start":{"line":297,"column":12},"end":{"line":297,"column":67},"skip":true},{"start":{"line":298,"column":12},"end":{"line":301,"column":36},"skip":true}]},"24":{"line":303,"type":"binary-expr","locations":[{"start":{"line":303,"column":43},"end":{"line":303,"column":75},"skip":true},{"start":{"line":303,"column":79},"end":{"line":303,"column":81},"skip":true}]},"25":{"line":306,"type":"if","locations":[{"start":{"line":306,"column":8},"end":{"line":306,"column":8},"skip":true},{"start":{"line":306,"column":8},"end":{"line":306,"column":8},"skip":true}]},"26":{"line":310,"type":"if","locations":[{"start":{"line":310,"column":8},"end":{"line":310,"column":8},"skip":true},{"start":{"line":310,"column":8},"end":{"line":310,"column":8},"skip":true}]},"27":{"line":313,"type":"binary-expr","locations":[{"start":{"line":313,"column":27},"end":{"line":313,"column":43},"skip":true},{"start":{"line":313,"column":47},"end":{"line":313,"column":53},"skip":true}]},"28":{"line":317,"type":"if","locations":[{"start":{"line":317,"column":12},"end":{"line":317,"column":12},"skip":true},{"start":{"line":317,"column":12},"end":{"line":317,"column":12},"skip":true}]}},"code":["/*","example.js","","quickstart example","","instruction","    1. save this script as example.js","    2. run the shell command:","        $ npm install npmtest-rethinkdb && PORT=8081 node example.js","    3. play with the browser-demo on http://127.0.0.1:8081","*/","","","","/* istanbul instrument in package npmtest_rethinkdb */","/*jslint","    bitwise: true,","    browser: true,","    maxerr: 8,","    maxlen: 96,","    node: true,","    nomen: true,","    regexp: true,","    stupid: true","*/","(function () {","    'use strict';","    var local;","","","","    // run shared js-env code - pre-init","    (function () {","        // init local","        local = {};","        // init modeJs","        local.modeJs = (function () {","            try {","                return typeof navigator.userAgent === 'string' &&","                    typeof document.querySelector('body') === 'object' &&","                    typeof XMLHttpRequest.prototype.open === 'function' &&","                    'browser';","            } catch (errorCaughtBrowser) {","                return module.exports &&","                    typeof process.versions.node === 'string' &&","                    typeof require('http').createServer === 'function' &&","                    'node';","            }","        }());","        // init global","        local.global = local.modeJs === 'browser'","            ? window","            : global;","        // init utility2_rollup","        local = local.global.utility2_rollup || (local.modeJs === 'browser'","            ? local.global.utility2_npmtest_rethinkdb","            : global.utility2_moduleExports);","        // export local","        local.global.local = local;","    }());","    switch (local.modeJs) {","","","","    // post-init","    // run browser js-env code - post-init","    /* istanbul ignore next */","    case 'browser':","        local.testRunBrowser = function (event) {","            if (!event || (event &&","                    event.currentTarget &&","                    event.currentTarget.className &&","                    event.currentTarget.className.includes &&","                    event.currentTarget.className.includes('onreset'))) {","                // reset output","                Array.from(","                    document.querySelectorAll('body > .resettable')","                ).forEach(function (element) {","                    switch (element.tagName) {","                    case 'INPUT':","                    case 'TEXTAREA':","                        element.value = '';","                        break;","                    default:","                        element.textContent = '';","                    }","                });","            }","            switch (event && event.currentTarget && event.currentTarget.id) {","            case 'testRunButton1':","                // show tests","                if (document.querySelector('#testReportDiv1').style.display === 'none') {","                    document.querySelector('#testReportDiv1').style.display = 'block';","                    document.querySelector('#testRunButton1').textContent =","                        'hide internal test';","                    local.modeTest = true;","                    local.testRunDefault(local);","                // hide tests","                } else {","                    document.querySelector('#testReportDiv1').style.display = 'none';","                    document.querySelector('#testRunButton1').textContent = 'run internal test';","                }","                break;","            // custom-case","            default:","                break;","            }","            if (document.querySelector('#inputTextareaEval1') && (!event || (event &&","                    event.currentTarget &&","                    event.currentTarget.className &&","                    event.currentTarget.className.includes &&","                    event.currentTarget.className.includes('oneval')))) {","                // try to eval input-code","                try {","                    /*jslint evil: true*/","                    eval(document.querySelector('#inputTextareaEval1').value);","                } catch (errorCaught) {","                    console.error(errorCaught);","                }","            }","        };","        // log stderr and stdout to #outputTextareaStdout1","        ['error', 'log'].forEach(function (key) {","            console[key + '_original'] = console[key];","            console[key] = function () {","                var element;","                console[key + '_original'].apply(console, arguments);","                element = document.querySelector('#outputTextareaStdout1');","                if (!element) {","                    return;","                }","                // append text to #outputTextareaStdout1","                element.value += Array.from(arguments).map(function (arg) {","                    return typeof arg === 'string'","                        ? arg","                        : JSON.stringify(arg, null, 4);","                }).join(' ') + '\\n';","                // scroll textarea to bottom","                element.scrollTop = element.scrollHeight;","            };","        });","        // init event-handling","        ['change', 'click', 'keyup'].forEach(function (event) {","            Array.from(document.querySelectorAll('.on' + event)).forEach(function (element) {","                element.addEventListener(event, local.testRunBrowser);","            });","        });","        // run tests","        local.testRunBrowser();","        break;","","","","    // run node js-env code - post-init","    /* istanbul ignore next */","    case 'node':","        // export local","        module.exports = local;","        // require modules","        local.fs = require('fs');","        local.http = require('http');","        local.url = require('url');","        // init assets","        local.assetsDict = local.assetsDict || {};","        /* jslint-ignore-begin */","        local.assetsDict['/assets.index.template.html'] = '\\","<!doctype html>\\n\\","<html lang=\"en\">\\n\\","<head>\\n\\","<meta charset=\"UTF-8\">\\n\\","<meta name=\"viewport\" content=\"width=device-width, initial-scale=1\">\\n\\","<title>{{env.npm_package_name}} (v{{env.npm_package_version}})</title>\\n\\","<style>\\n\\","/*csslint\\n\\","    box-sizing: false,\\n\\","    universal-selector: false\\n\\","*/\\n\\","* {\\n\\","    box-sizing: border-box;\\n\\","}\\n\\","body {\\n\\","    background: #dde;\\n\\","    font-family: Arial, Helvetica, sans-serif;\\n\\","    margin: 2rem;\\n\\","}\\n\\","body > * {\\n\\","    margin-bottom: 1rem;\\n\\","}\\n\\",".utility2FooterDiv {\\n\\","    margin-top: 20px;\\n\\","    text-align: center;\\n\\","}\\n\\","</style>\\n\\","<style>\\n\\","/*csslint\\n\\","*/\\n\\","textarea {\\n\\","    font-family: monospace;\\n\\","    height: 10rem;\\n\\","    width: 100%;\\n\\","}\\n\\","textarea[readonly] {\\n\\","    background: #ddd;\\n\\","}\\n\\","</style>\\n\\","</head>\\n\\","<body>\\n\\","<!-- utility2-comment\\n\\","<div id=\"ajaxProgressDiv1\" style=\"background: #d00; height: 2px; left: 0; margin: 0; padding: 0; position: fixed; top: 0; transition: background 0.5s, width 1.5s; width: 25%;\"></div>\\n\\","utility2-comment -->\\n\\","<h1>\\n\\","<!-- utility2-comment\\n\\","    <a\\n\\","        {{#if env.npm_package_homepage}}\\n\\","        href=\"{{env.npm_package_homepage}}\"\\n\\","        {{/if env.npm_package_homepage}}\\n\\","        target=\"_blank\"\\n\\","    >\\n\\","utility2-comment -->\\n\\","        {{env.npm_package_name}} (v{{env.npm_package_version}})\\n\\","<!-- utility2-comment\\n\\","    </a>\\n\\","utility2-comment -->\\n\\","</h1>\\n\\","<h3>{{env.npm_package_description}}</h3>\\n\\","<!-- utility2-comment\\n\\","<h4><a download href=\"assets.app.js\">download standalone app</a></h4>\\n\\","<button class=\"onclick onreset\" id=\"testRunButton1\">run internal test</button><br>\\n\\","<div id=\"testReportDiv1\" style=\"display: none;\"></div>\\n\\","utility2-comment -->\\n\\","\\n\\","\\n\\","\\n\\","<label>stderr and stdout</label>\\n\\","<textarea class=\"resettable\" id=\"outputTextareaStdout1\" readonly></textarea>\\n\\","<!-- utility2-comment\\n\\","{{#if isRollup}}\\n\\","<script src=\"assets.app.js\"></script>\\n\\","{{#unless isRollup}}\\n\\","utility2-comment -->\\n\\","<script src=\"assets.utility2.rollup.js\"></script>\\n\\","<script src=\"jsonp.utility2._stateInit?callback=window.utility2._stateInit\"></script>\\n\\","<script src=\"assets.npmtest_rethinkdb.rollup.js\"></script>\\n\\","<script src=\"assets.example.js\"></script>\\n\\","<script src=\"assets.test.js\"></script>\\n\\","<!-- utility2-comment\\n\\","{{/if isRollup}}\\n\\","utility2-comment -->\\n\\","<div class=\"utility2FooterDiv\">\\n\\","    [ this app was created with\\n\\","    <a href=\"https://github.com/kaizhu256/node-utility2\" target=\"_blank\">utility2</a>\\n\\","    ]\\n\\","</div>\\n\\","</body>\\n\\","</html>\\n\\","';","        /* jslint-ignore-end */","        if (local.templateRender) {","            local.assetsDict['/'] = local.templateRender(","                local.assetsDict['/assets.index.template.html'],","                {","                    env: local.objectSetDefault(local.env, {","                        npm_package_description: 'the greatest app in the world!',","                        npm_package_name: 'my-app',","                        npm_package_nameAlias: 'my_app',","                        npm_package_version: '0.0.1'","                    })","                }","            );","        } else {","            local.assetsDict['/'] = local.assetsDict['/assets.index.template.html']","                .replace((/\\{\\{env\\.(\\w+?)\\}\\}/g), function (match0, match1) {","                    // jslint-hack","                    String(match0);","                    switch (match1) {","                    case 'npm_package_description':","                        return 'the greatest app in the world!';","                    case 'npm_package_name':","                        return 'my-app';","                    case 'npm_package_nameAlias':","                        return 'my_app';","                    case 'npm_package_version':","                        return '0.0.1';","                    }","                });","        }","        // run the cli","        if (local.global.utility2_rollup || module !== require.main) {","            break;","        }","        local.assetsDict['/assets.example.js'] =","            local.assetsDict['/assets.example.js'] ||","            local.fs.readFileSync(__filename, 'utf8');","        // bug-workaround - long $npm_package_buildCustomOrg","        /* jslint-ignore-begin */","        local.assetsDict['/assets.npmtest_rethinkdb.rollup.js'] =","            local.assetsDict['/assets.npmtest_rethinkdb.rollup.js'] ||","            local.fs.readFileSync(","                local.npmtest_rethinkdb.__dirname + '/lib.npmtest_rethinkdb.js',","                'utf8'","            ).replace((/^#!/), '//');","        /* jslint-ignore-end */","        local.assetsDict['/favicon.ico'] = local.assetsDict['/favicon.ico'] || '';","        // if $npm_config_timeout_exit exists,","        // then exit this process after $npm_config_timeout_exit ms","        if (Number(process.env.npm_config_timeout_exit)) {","            setTimeout(process.exit, Number(process.env.npm_config_timeout_exit));","        }","        // start server","        if (local.global.utility2_serverHttp1) {","            break;","        }","        process.env.PORT = process.env.PORT || '8081';","        console.error('server starting on port ' + process.env.PORT);","        local.http.createServer(function (request, response) {","            request.urlParsed = local.url.parse(request.url);","            if (local.assetsDict[request.urlParsed.pathname] !== undefined) {","                response.end(local.assetsDict[request.urlParsed.pathname]);","                return;","            }","            response.statusCode = 404;","            response.end();","        }).listen(process.env.PORT);","        break;","    }","}());",""],"l":{"26":2,"28":2,"33":2,"35":2,"37":2,"38":2,"39":2,"44":1,"51":2,"55":2,"59":2,"61":2,"69":1,"70":2,"76":2,"79":2,"82":2,"83":2,"85":1,"89":2,"92":1,"93":1,"94":1,"96":1,"97":1,"100":1,"101":1,"103":1,"106":1,"108":2,"114":1,"116":1,"118":1,"123":1,"124":2,"125":2,"126":3,"127":3,"128":3,"129":3,"130":1,"133":3,"134":3,"139":3,"143":1,"144":3,"145":1,"149":1,"150":1,"158":1,"160":1,"161":1,"162":1,"164":1,"166":1,"258":1,"259":1,"271":1,"274":6,"275":6,"277":1,"279":2,"281":1,"283":2,"288":1,"289":1,"291":1,"296":1,"303":1,"306":1,"307":1,"310":1,"311":1,"313":1,"314":1,"315":1,"316":1,"317":1,"318":1,"319":1,"321":1,"322":1,"324":1}},"/home/travis/build/npmtest/node-npmtest-rethinkdb/node_modules/rethinkdb/rethinkdb.js":{"path":"/home/travis/build/npmtest/node-npmtest-rethinkdb/node_modules/rethinkdb/rethinkdb.js","s":{"1":1,"2":1,"3":1,"4":1,"5":1,"6":1,"7":1,"8":1,"9":1},"b":{},"f":{},"fnMap":{},"statementMap":{"1":{"start":{"line":2,"column":0},"end":{"line":2,"column":26}},"2":{"start":{"line":4,"column":0},"end":{"line":4,"column":23}},"3":{"start":{"line":6,"column":0},"end":{"line":6,"column":29}},"4":{"start":{"line":8,"column":0},"end":{"line":8,"column":28}},"5":{"start":{"line":10,"column":0},"end":{"line":10,"column":32}},"6":{"start":{"line":12,"column":0},"end":{"line":12,"column":24}},"7":{"start":{"line":14,"column":0},"end":{"line":14,"column":42}},"8":{"start":{"line":16,"column":0},"end":{"line":16,"column":27}},"9":{"start":{"line":18,"column":0},"end":{"line":18,"column":25}}},"branchMap":{},"code":["// Generated by CoffeeScript 1.10.0","var error, net, rethinkdb;","","net = require('./net');","","rethinkdb = require('./ast');","","error = require('./errors');","","rethinkdb.connect = net.connect;","","rethinkdb.Error = error;","","rethinkdb._bluebird = require('bluebird');","","module.exports = rethinkdb;","","module.exports.net = net;",""],"l":{"2":1,"4":1,"6":1,"8":1,"10":1,"12":1,"14":1,"16":1,"18":1}},"/home/travis/build/npmtest/node-npmtest-rethinkdb/node_modules/rethinkdb/net.js":{"path":"/home/travis/build/npmtest/node-npmtest-rethinkdb/node_modules/rethinkdb/net.js","s":{"1":1,"2":3,"3":17,"4":17,"5":1,"6":3,"7":3,"8":3,"9":3,"10":3,"11":1,"12":1,"13":1,"14":1,"15":1,"16":1,"17":1,"18":1,"19":1,"20":1,"21":1,"22":1,"23":1,"24":1,"25":1,"26":1,"27":1,"28":1,"29":1,"30":1,"31":1,"32":1,"33":1,"34":1,"35":1,"36":1,"37":1,"38":1,"39":1,"40":0,"41":0,"42":0,"43":0,"44":0,"45":0,"46":0,"47":0,"48":0,"49":0,"50":0,"51":0,"52":0,"53":0,"54":0,"55":0,"56":0,"57":0,"58":0,"59":0,"60":0,"61":0,"62":0,"63":0,"64":0,"65":0,"66":0,"67":0,"68":0,"69":0,"70":0,"71":0,"72":0,"73":0,"74":0,"75":1,"76":0,"77":0,"78":0,"79":0,"80":0,"81":0,"82":0,"83":0,"84":0,"85":0,"86":0,"87":0,"88":0,"89":1,"90":0,"91":1,"92":0,"93":0,"94":0,"95":0,"96":0,"97":0,"98":0,"99":0,"100":0,"101":0,"102":0,"103":0,"104":0,"105":0,"106":0,"107":0,"108":0,"109":0,"110":0,"111":0,"112":0,"113":0,"114":0,"115":0,"116":0,"117":0,"118":0,"119":0,"120":0,"121":0,"122":0,"123":0,"124":0,"125":0,"126":0,"127":0,"128":0,"129":0,"130":0,"131":0,"132":0,"133":0,"134":0,"135":0,"136":0,"137":0,"138":0,"139":0,"140":0,"141":0,"142":0,"143":0,"144":0,"145":0,"146":0,"147":0,"148":0,"149":0,"150":0,"151":1,"152":0,"153":0,"154":0,"155":0,"156":0,"157":0,"158":0,"159":0,"160":0,"161":0,"162":0,"163":0,"164":0,"165":0,"166":0,"167":0,"168":0,"169":0,"170":0,"171":0,"172":0,"173":0,"174":0,"175":0,"176":0,"177":0,"178":0,"179":0,"180":0,"181":0,"182":0,"183":0,"184":0,"185":0,"186":0,"187":0,"188":1,"189":0,"190":0,"191":0,"192":0,"193":0,"194":0,"195":0,"196":0,"197":0,"198":0,"199":0,"200":0,"201":0,"202":0,"203":0,"204":0,"205":0,"206":1,"207":0,"208":0,"209":0,"210":0,"211":0,"212":0,"213":0,"214":0,"215":0,"216":0,"217":0,"218":0,"219":0,"220":0,"221":0,"222":0,"223":0,"224":1,"225":0,"226":0,"227":0,"228":0,"229":0,"230":0,"231":0,"232":0,"233":0,"234":0,"235":0,"236":0,"237":1,"238":0,"239":0,"240":0,"241":0,"242":0,"243":0,"244":0,"245":0,"246":0,"247":0,"248":0,"249":0,"250":0,"251":0,"252":0,"253":0,"254":0,"255":0,"256":0,"257":0,"258":1,"259":0,"260":1,"261":0,"262":1,"263":0,"264":0,"265":0,"266":0,"267":0,"268":0,"269":0,"270":0,"271":0,"272":0,"273":0,"274":0,"275":0,"276":0,"277":0,"278":0,"279":0,"280":0,"281":0,"282":0,"283":0,"284":0,"285":0,"286":0,"287":0,"288":1,"289":0,"290":0,"291":0,"292":0,"293":0,"294":1,"295":0,"296":0,"297":0,"298":0,"299":0,"300":1,"301":0,"302":0,"303":0,"304":0,"305":0,"306":0,"307":0,"308":1,"309":1,"310":1,"311":1,"312":1,"313":0,"314":1,"315":0,"316":0,"317":0,"318":0,"319":0,"320":0,"321":0,"322":0,"323":0,"324":0,"325":0,"326":0,"327":0,"328":0,"329":0,"330":0,"331":0,"332":0,"333":0,"334":0,"335":0,"336":0,"337":0,"338":0,"339":0,"340":0,"341":0,"342":0,"343":0,"344":0,"345":0,"346":0,"347":0,"348":0,"349":0,"350":0,"351":0,"352":0,"353":0,"354":0,"355":0,"356":0,"357":0,"358":0,"359":0,"360":0,"361":0,"362":0,"363":0,"364":0,"365":0,"366":0,"367":0,"368":0,"369":0,"370":0,"371":0,"372":0,"373":0,"374":0,"375":0,"376":0,"377":0,"378":0,"379":0,"380":0,"381":0,"382":0,"383":0,"384":0,"385":0,"386":0,"387":0,"388":0,"389":0,"390":0,"391":0,"392":0,"393":0,"394":0,"395":0,"396":0,"397":0,"398":0,"399":0,"400":0,"401":0,"402":0,"403":0,"404":0,"405":0,"406":0,"407":0,"408":0,"409":0,"410":0,"411":0,"412":0,"413":0,"414":0,"415":0,"416":0,"417":0,"418":0,"419":0,"420":0,"421":0,"422":0,"423":0,"424":0,"425":0,"426":0,"427":0,"428":0,"429":0,"430":0,"431":0,"432":0,"433":0,"434":0,"435":0,"436":0,"437":0,"438":0,"439":0,"440":0,"441":0,"442":0,"443":0,"444":0,"445":0,"446":0,"447":0,"448":0,"449":0,"450":0,"451":0,"452":0,"453":0,"454":0,"455":0,"456":0,"457":0,"458":0,"459":0,"460":0,"461":0,"462":0,"463":0,"464":0,"465":0,"466":0,"467":0,"468":0,"469":0,"470":0,"471":0,"472":0,"473":0,"474":0,"475":0,"476":0,"477":0,"478":0,"479":0,"480":0,"481":0,"482":0,"483":0,"484":1,"485":0,"486":1,"487":0,"488":1,"489":0,"490":0,"491":0,"492":0,"493":0,"494":0,"495":0,"496":0,"497":0,"498":0,"499":0,"500":0,"501":0,"502":0,"503":0,"504":0,"505":0,"506":0,"507":0,"508":0,"509":0,"510":0,"511":0,"512":0,"513":0,"514":0,"515":0,"516":0,"517":0,"518":0,"519":0,"520":0,"521":0,"522":0,"523":0,"524":1,"525":0,"526":0,"527":1,"528":0,"529":0,"530":0,"531":0,"532":0,"533":0,"534":1,"535":0,"536":0,"537":0,"538":0,"539":0,"540":1,"541":1,"542":1,"543":1,"544":1,"545":0,"546":1,"547":0,"548":0,"549":0,"550":0,"551":0,"552":0,"553":0,"554":0,"555":0,"556":0,"557":0,"558":0,"559":0,"560":0,"561":0,"562":0,"563":0,"564":0,"565":0,"566":1,"567":0,"568":0,"569":0,"570":0,"571":0,"572":0,"573":0,"574":0,"575":0,"576":0,"577":1,"578":0,"579":0,"580":0,"581":0,"582":0,"583":0,"584":0,"585":0,"586":0,"587":0,"588":0,"589":0,"590":1,"591":0,"592":0,"593":0,"594":0,"595":0,"596":0,"597":1,"598":0,"599":0,"600":0,"601":0,"602":0,"603":0,"604":0,"605":0,"606":0,"607":0,"608":0,"609":0,"610":0,"611":0,"612":0,"613":0,"614":0,"615":0,"616":0,"617":0,"618":0,"619":0,"620":0,"621":0,"622":0,"623":0,"624":0,"625":1,"626":1,"627":0,"628":1,"629":0,"630":0,"631":0,"632":0,"633":0,"634":0,"635":0,"636":0,"637":0,"638":0,"639":0,"640":0,"641":0,"642":0,"643":0,"644":0,"645":0,"646":0,"647":0,"648":0,"649":0,"650":0,"651":0,"652":0,"653":0,"654":0,"655":0,"656":0,"657":1,"658":1,"659":1},"b":{"1":[17,0],"2":[0,0],"3":[0,0],"4":[0,0],"5":[0,0],"6":[0,0],"7":[0,0],"8":[0,0],"9":[0,0],"10":[0,0],"11":[0,0],"12":[0,0],"13":[0,0],"14":[0,0],"15":[0,0],"16":[0,0],"17":[0,0],"18":[0,0],"19":[0,0,0,0,0,0,0,0,0],"20":[0,0],"21":[0,0],"22":[0,0,0,0],"23":[0,0],"24":[0,0],"25":[0,0],"26":[0,0],"27":[0,0],"28":[0,0],"29":[0,0],"30":[0,0],"31":[0,0],"32":[0,0],"33":[0,0],"34":[0,0],"35":[0,0],"36":[0,0],"37":[0,0,0],"38":[0,0],"39":[0,0],"40":[0,0],"41":[0,0],"42":[0,0],"43":[0,0],"44":[0,0],"45":[0,0],"46":[0,0],"47":[0,0],"48":[0,0],"49":[0,0],"50":[0,0],"51":[0,0],"52":[0,0],"53":[0,0],"54":[0,0],"55":[0,0],"56":[0,0],"57":[0,0],"58":[0,0],"59":[0,0],"60":[0,0],"61":[0,0],"62":[0,0,0],"63":[0,0],"64":[0,0],"65":[0,0],"66":[0,0],"67":[0,0],"68":[0,0],"69":[0,0],"70":[0,0],"71":[0,0],"72":[0,0],"73":[0,0],"74":[0,0],"75":[0,0],"76":[0,0],"77":[0,0],"78":[0,0],"79":[0,0],"80":[0,0],"81":[0,0],"82":[0,0],"83":[0,0],"84":[0,0],"85":[0,0],"86":[0,0],"87":[0,0],"88":[0,0],"89":[0,0],"90":[0,0],"91":[0,0],"92":[0,0],"93":[0,0],"94":[0,0],"95":[0,0],"96":[0,0],"97":[0,0],"98":[0,0],"99":[0,0],"100":[0,0],"101":[0,0],"102":[0,0],"103":[0,0],"104":[0,0],"105":[0,0],"106":[0,0],"107":[0,0],"108":[0,0],"109":[0,0],"110":[0,0],"111":[0,0],"112":[0,0],"113":[0,0],"114":[0,0],"115":[0,0],"116":[0,0],"117":[0,0,0,0],"118":[0,0],"119":[0,0],"120":[0,0],"121":[0,0],"122":[0,0],"123":[0,0],"124":[0,0]},"f":{"1":3,"2":3,"3":1,"4":0,"5":0,"6":0,"7":0,"8":0,"9":0,"10":0,"11":0,"12":0,"13":0,"14":0,"15":0,"16":0,"17":0,"18":0,"19":0,"20":0,"21":0,"22":0,"23":0,"24":0,"25":0,"26":0,"27":0,"28":0,"29":0,"30":0,"31":0,"32":0,"33":0,"34":0,"35":0,"36":0,"37":0,"38":1,"39":0,"40":0,"41":0,"42":0,"43":0,"44":0,"45":0,"46":0,"47":0,"48":0,"49":0,"50":0,"51":0,"52":0,"53":0,"54":0,"55":0,"56":0,"57":0,"58":0,"59":0,"60":0,"61":0,"62":0,"63":0,"64":0,"65":0,"66":0,"67":0,"68":0,"69":0,"70":1,"71":0,"72":0,"73":0,"74":0,"75":0,"76":0,"77":0,"78":0,"79":0,"80":0,"81":0,"82":0,"83":0,"84":0,"85":0,"86":0,"87":0,"88":0,"89":0},"fnMap":{"1":{"name":"(anonymous_1)","line":3,"loc":{"start":{"line":3,"column":11},"end":{"line":3,"column":35}}},"2":{"name":"ctor","line":3,"loc":{"start":{"line":3,"column":122},"end":{"line":3,"column":138}}},"3":{"name":"(anonymous_3)","line":50,"loc":{"start":{"line":50,"column":14},"end":{"line":50,"column":35}}},"4":{"name":"Connection","line":61,"loc":{"start":{"line":61,"column":2},"end":{"line":61,"column":38}}},"5":{"name":"(anonymous_5)","line":88,"loc":{"start":{"line":88,"column":19},"end":{"line":88,"column":35}}},"6":{"name":"(anonymous_6)","line":89,"loc":{"start":{"line":89,"column":13},"end":{"line":89,"column":25}}},"7":{"name":"(anonymous_7)","line":99,"loc":{"start":{"line":99,"column":19},"end":{"line":99,"column":35}}},"8":{"name":"(anonymous_8)","line":100,"loc":{"start":{"line":100,"column":13},"end":{"line":100,"column":24}}},"9":{"name":"(anonymous_9)","line":110,"loc":{"start":{"line":110,"column":31},"end":{"line":110,"column":45}}},"10":{"name":"(anonymous_10)","line":128,"loc":{"start":{"line":128,"column":35},"end":{"line":128,"column":51}}},"11":{"name":"(anonymous_11)","line":132,"loc":{"start":{"line":132,"column":42},"end":{"line":132,"column":68}}},"12":{"name":"(anonymous_12)","line":235,"loc":{"start":{"line":235,"column":43},"end":{"line":235,"column":78}}},"13":{"name":"(anonymous_13)","line":264,"loc":{"start":{"line":264,"column":45},"end":{"line":264,"column":61}}},"14":{"name":"(anonymous_14)","line":265,"loc":{"start":{"line":265,"column":13},"end":{"line":265,"column":39}}},"15":{"name":"(anonymous_15)","line":267,"loc":{"start":{"line":267,"column":20},"end":{"line":267,"column":42}}},"16":{"name":"(anonymous_16)","line":286,"loc":{"start":{"line":286,"column":49},"end":{"line":286,"column":68}}},"17":{"name":"(anonymous_17)","line":289,"loc":{"start":{"line":289,"column":25},"end":{"line":289,"column":51}}},"18":{"name":"(anonymous_18)","line":297,"loc":{"start":{"line":297,"column":24},"end":{"line":297,"column":40}}},"19":{"name":"(anonymous_19)","line":298,"loc":{"start":{"line":298,"column":13},"end":{"line":298,"column":39}}},"20":{"name":"(anonymous_20)","line":300,"loc":{"start":{"line":300,"column":20},"end":{"line":300,"column":42}}},"21":{"name":"(anonymous_21)","line":317,"loc":{"start":{"line":317,"column":44},"end":{"line":317,"column":63}}},"22":{"name":"(anonymous_22)","line":320,"loc":{"start":{"line":320,"column":25},"end":{"line":320,"column":51}}},"23":{"name":"(anonymous_23)","line":328,"loc":{"start":{"line":328,"column":24},"end":{"line":328,"column":40}}},"24":{"name":"(anonymous_24)","line":329,"loc":{"start":{"line":329,"column":13},"end":{"line":329,"column":39}}},"25":{"name":"(anonymous_25)","line":331,"loc":{"start":{"line":331,"column":20},"end":{"line":331,"column":42}}},"26":{"name":"(anonymous_26)","line":348,"loc":{"start":{"line":348,"column":35},"end":{"line":348,"column":46}}},"27":{"name":"(anonymous_27)","line":368,"loc":{"start":{"line":368,"column":47},"end":{"line":368,"column":82}}},"28":{"name":"(anonymous_28)","line":384,"loc":{"start":{"line":384,"column":24},"end":{"line":384,"column":40}}},"29":{"name":"(anonymous_29)","line":385,"loc":{"start":{"line":385,"column":13},"end":{"line":385,"column":39}}},"30":{"name":"(anonymous_30)","line":387,"loc":{"start":{"line":387,"column":18},"end":{"line":387,"column":32}}},"31":{"name":"(anonymous_31)","line":393,"loc":{"start":{"line":393,"column":13},"end":{"line":393,"column":33}}},"32":{"name":"(anonymous_32)","line":406,"loc":{"start":{"line":406,"column":32},"end":{"line":406,"column":45}}},"33":{"name":"(anonymous_33)","line":410,"loc":{"start":{"line":410,"column":32},"end":{"line":410,"column":43}}},"34":{"name":"(anonymous_34)","line":414,"loc":{"start":{"line":414,"column":32},"end":{"line":414,"column":57}}},"35":{"name":"(anonymous_35)","line":452,"loc":{"start":{"line":452,"column":40},"end":{"line":452,"column":56}}},"36":{"name":"(anonymous_36)","line":464,"loc":{"start":{"line":464,"column":35},"end":{"line":464,"column":51}}},"37":{"name":"(anonymous_37)","line":476,"loc":{"start":{"line":476,"column":36},"end":{"line":476,"column":52}}},"38":{"name":"(anonymous_38)","line":494,"loc":{"start":{"line":494,"column":17},"end":{"line":494,"column":38}}},"39":{"name":"(anonymous_39)","line":497,"loc":{"start":{"line":497,"column":30},"end":{"line":497,"column":41}}},"40":{"name":"TcpConnection","line":501,"loc":{"start":{"line":501,"column":2},"end":{"line":501,"column":41}}},"41":{"name":"(anonymous_41)","line":516,"loc":{"start":{"line":516,"column":27},"end":{"line":516,"column":43}}},"42":{"name":"(anonymous_42)","line":517,"loc":{"start":{"line":517,"column":13},"end":{"line":517,"column":24}}},"43":{"name":"(anonymous_43)","line":522,"loc":{"start":{"line":522,"column":34},"end":{"line":522,"column":50}}},"44":{"name":"(anonymous_44)","line":523,"loc":{"start":{"line":523,"column":13},"end":{"line":523,"column":24}}},"45":{"name":"(anonymous_45)","line":527,"loc":{"start":{"line":527,"column":36},"end":{"line":527,"column":52}}},"46":{"name":"(anonymous_46)","line":528,"loc":{"start":{"line":528,"column":13},"end":{"line":528,"column":24}}},"47":{"name":"(anonymous_47)","line":559,"loc":{"start":{"line":559,"column":20},"end":{"line":559,"column":35}}},"48":{"name":"(anonymous_48)","line":568,"loc":{"start":{"line":568,"column":22},"end":{"line":568,"column":59}}},"49":{"name":"(anonymous_49)","line":588,"loc":{"start":{"line":588,"column":25},"end":{"line":588,"column":40}}},"50":{"name":"(anonymous_50)","line":607,"loc":{"start":{"line":607,"column":26},"end":{"line":607,"column":50}}},"51":{"name":"(anonymous_51)","line":614,"loc":{"start":{"line":614,"column":29},"end":{"line":614,"column":43}}},"52":{"name":"(anonymous_52)","line":688,"loc":{"start":{"line":688,"column":43},"end":{"line":688,"column":57}}},"53":{"name":"(anonymous_53)","line":703,"loc":{"start":{"line":703,"column":32},"end":{"line":703,"column":48}}},"54":{"name":"(anonymous_54)","line":704,"loc":{"start":{"line":704,"column":13},"end":{"line":704,"column":27}}},"55":{"name":"(anonymous_55)","line":708,"loc":{"start":{"line":708,"column":32},"end":{"line":708,"column":48}}},"56":{"name":"(anonymous_56)","line":709,"loc":{"start":{"line":709,"column":13},"end":{"line":709,"column":24}}},"57":{"name":"(anonymous_57)","line":718,"loc":{"start":{"line":718,"column":34},"end":{"line":718,"column":50}}},"58":{"name":"(anonymous_58)","line":719,"loc":{"start":{"line":719,"column":13},"end":{"line":719,"column":24}}},"59":{"name":"(anonymous_59)","line":726,"loc":{"start":{"line":726,"column":39},"end":{"line":726,"column":50}}},"60":{"name":"(anonymous_60)","line":730,"loc":{"start":{"line":730,"column":42},"end":{"line":730,"column":53}}},"61":{"name":"(anonymous_61)","line":734,"loc":{"start":{"line":734,"column":46},"end":{"line":734,"column":81}}},"62":{"name":"(anonymous_62)","line":748,"loc":{"start":{"line":748,"column":24},"end":{"line":748,"column":40}}},"63":{"name":"(anonymous_63)","line":749,"loc":{"start":{"line":749,"column":13},"end":{"line":749,"column":39}}},"64":{"name":"(anonymous_64)","line":751,"loc":{"start":{"line":751,"column":20},"end":{"line":751,"column":44}}},"65":{"name":"(anonymous_65)","line":753,"loc":{"start":{"line":753,"column":20},"end":{"line":753,"column":31}}},"66":{"name":"(anonymous_66)","line":760,"loc":{"start":{"line":760,"column":26},"end":{"line":760,"column":37}}},"67":{"name":"(anonymous_67)","line":787,"loc":{"start":{"line":787,"column":35},"end":{"line":787,"column":46}}},"68":{"name":"(anonymous_68)","line":792,"loc":{"start":{"line":792,"column":40},"end":{"line":792,"column":62}}},"69":{"name":"(anonymous_69)","line":801,"loc":{"start":{"line":801,"column":34},"end":{"line":801,"column":50}}},"70":{"name":"(anonymous_70)","line":813,"loc":{"start":{"line":813,"column":18},"end":{"line":813,"column":39}}},"71":{"name":"(anonymous_71)","line":818,"loc":{"start":{"line":818,"column":31},"end":{"line":818,"column":42}}},"72":{"name":"HttpConnection","line":822,"loc":{"start":{"line":822,"column":2},"end":{"line":822,"column":42}}},"73":{"name":"(anonymous_73)","line":833,"loc":{"start":{"line":833,"column":30},"end":{"line":833,"column":46}}},"74":{"name":"(anonymous_74)","line":834,"loc":{"start":{"line":834,"column":13},"end":{"line":834,"column":25}}},"75":{"name":"(anonymous_75)","line":850,"loc":{"start":{"line":850,"column":36},"end":{"line":850,"column":47}}},"76":{"name":"(anonymous_76)","line":864,"loc":{"start":{"line":864,"column":47},"end":{"line":864,"column":82}}},"77":{"name":"(anonymous_77)","line":882,"loc":{"start":{"line":882,"column":41},"end":{"line":882,"column":63}}},"78":{"name":"(anonymous_78)","line":891,"loc":{"start":{"line":891,"column":35},"end":{"line":891,"column":58}}},"79":{"name":"(anonymous_79)","line":896,"loc":{"start":{"line":896,"column":30},"end":{"line":896,"column":46}}},"80":{"name":"(anonymous_80)","line":897,"loc":{"start":{"line":897,"column":13},"end":{"line":897,"column":25}}},"81":{"name":"(anonymous_81)","line":900,"loc":{"start":{"line":900,"column":28},"end":{"line":900,"column":39}}},"82":{"name":"(anonymous_82)","line":914,"loc":{"start":{"line":914,"column":19},"end":{"line":914,"column":35}}},"83":{"name":"(anonymous_83)","line":915,"loc":{"start":{"line":915,"column":13},"end":{"line":915,"column":25}}},"84":{"name":"(anonymous_84)","line":933,"loc":{"start":{"line":933,"column":30},"end":{"line":933,"column":51}}},"85":{"name":"(anonymous_85)","line":937,"loc":{"start":{"line":937,"column":37},"end":{"line":937,"column":72}}},"86":{"name":"(anonymous_86)","line":945,"loc":{"start":{"line":945,"column":21},"end":{"line":945,"column":47}}},"87":{"name":"(anonymous_87)","line":960,"loc":{"start":{"line":960,"column":25},"end":{"line":960,"column":41}}},"88":{"name":"(anonymous_88)","line":961,"loc":{"start":{"line":961,"column":13},"end":{"line":961,"column":38}}},"89":{"name":"(anonymous_89)","line":971,"loc":{"start":{"line":971,"column":16},"end":{"line":971,"column":38}}}},"statementMap":{"1":{"start":{"line":2,"column":0},"end":{"line":4,"column":30}},"2":{"start":{"line":3,"column":37},"end":{"line":3,"column":121}},"3":{"start":{"line":3,"column":63},"end":{"line":3,"column":119}},"4":{"start":{"line":3,"column":94},"end":{"line":3,"column":119}},"5":{"start":{"line":3,"column":122},"end":{"line":3,"column":167}},"6":{"start":{"line":3,"column":140},"end":{"line":3,"column":165}},"7":{"start":{"line":3,"column":168},"end":{"line":3,"column":202}},"8":{"start":{"line":3,"column":203},"end":{"line":3,"column":232}},"9":{"start":{"line":3,"column":233},"end":{"line":3,"column":268}},"10":{"start":{"line":3,"column":269},"end":{"line":3,"column":282}},"11":{"start":{"line":6,"column":0},"end":{"line":6,"column":21}},"12":{"start":{"line":8,"column":0},"end":{"line":8,"column":21}},"13":{"start":{"line":10,"column":0},"end":{"line":10,"column":27}},"14":{"start":{"line":12,"column":0},"end":{"line":12,"column":25}},"15":{"start":{"line":14,"column":0},"end":{"line":14,"column":26}},"16":{"start":{"line":16,"column":0},"end":{"line":16,"column":30}},"17":{"start":{"line":18,"column":0},"end":{"line":18,"column":34}},"18":{"start":{"line":20,"column":0},"end":{"line":20,"column":27}},"19":{"start":{"line":22,"column":0},"end":{"line":22,"column":50}},"20":{"start":{"line":24,"column":0},"end":{"line":24,"column":23}},"21":{"start":{"line":26,"column":0},"end":{"line":26,"column":52}},"22":{"start":{"line":28,"column":0},"end":{"line":28,"column":42}},"23":{"start":{"line":30,"column":0},"end":{"line":30,"column":51}},"24":{"start":{"line":32,"column":0},"end":{"line":32,"column":21}},"25":{"start":{"line":34,"column":0},"end":{"line":34,"column":30}},"26":{"start":{"line":36,"column":0},"end":{"line":36,"column":13}},"27":{"start":{"line":38,"column":0},"end":{"line":38,"column":19}},"28":{"start":{"line":40,"column":0},"end":{"line":40,"column":19}},"29":{"start":{"line":42,"column":0},"end":{"line":42,"column":21}},"30":{"start":{"line":44,"column":0},"end":{"line":44,"column":19}},"31":{"start":{"line":46,"column":0},"end":{"line":46,"column":30}},"32":{"start":{"line":48,"column":0},"end":{"line":48,"column":61}},"33":{"start":{"line":50,"column":0},"end":{"line":490,"column":24}},"34":{"start":{"line":51,"column":2},"end":{"line":51,"column":33}},"35":{"start":{"line":53,"column":2},"end":{"line":53,"column":50}},"36":{"start":{"line":55,"column":2},"end":{"line":55,"column":44}},"37":{"start":{"line":57,"column":2},"end":{"line":57,"column":45}},"38":{"start":{"line":59,"column":2},"end":{"line":59,"column":44}},"39":{"start":{"line":61,"column":2},"end":{"line":108,"column":3}},"40":{"start":{"line":62,"column":4},"end":{"line":62,"column":33}},"41":{"start":{"line":63,"column":4},"end":{"line":69,"column":5}},"42":{"start":{"line":64,"column":6},"end":{"line":64,"column":16}},"43":{"start":{"line":65,"column":11},"end":{"line":69,"column":5}},"44":{"start":{"line":66,"column":6},"end":{"line":68,"column":8}},"45":{"start":{"line":70,"column":4},"end":{"line":70,"column":47}},"46":{"start":{"line":71,"column":4},"end":{"line":71,"column":47}},"47":{"start":{"line":72,"column":4},"end":{"line":72,"column":22}},"48":{"start":{"line":73,"column":4},"end":{"line":73,"column":57}},"49":{"start":{"line":74,"column":4},"end":{"line":74,"column":56}},"50":{"start":{"line":75,"column":4},"end":{"line":81,"column":5}},"51":{"start":{"line":76,"column":6},"end":{"line":76,"column":20}},"52":{"start":{"line":77,"column":11},"end":{"line":81,"column":5}},"53":{"start":{"line":78,"column":6},"end":{"line":78,"column":26}},"54":{"start":{"line":80,"column":6},"end":{"line":80,"column":23}},"55":{"start":{"line":82,"column":4},"end":{"line":82,"column":35}},"56":{"start":{"line":83,"column":4},"end":{"line":83,"column":23}},"57":{"start":{"line":84,"column":4},"end":{"line":84,"column":22}},"58":{"start":{"line":85,"column":4},"end":{"line":85,"column":25}},"59":{"start":{"line":86,"column":4},"end":{"line":86,"column":32}},"60":{"start":{"line":87,"column":4},"end":{"line":87,"column":38}},"61":{"start":{"line":88,"column":4},"end":{"line":97,"column":13}},"62":{"start":{"line":89,"column":6},"end":{"line":96,"column":8}},"63":{"start":{"line":90,"column":8},"end":{"line":90,"column":53}},"64":{"start":{"line":91,"column":8},"end":{"line":95,"column":9}},"65":{"start":{"line":92,"column":10},"end":{"line":92,"column":29}},"66":{"start":{"line":94,"column":10},"end":{"line":94,"column":128}},"67":{"start":{"line":98,"column":4},"end":{"line":98,"column":36}},"68":{"start":{"line":99,"column":4},"end":{"line":105,"column":13}},"69":{"start":{"line":100,"column":6},"end":{"line":104,"column":8}},"70":{"start":{"line":101,"column":8},"end":{"line":101,"column":51}},"71":{"start":{"line":102,"column":8},"end":{"line":102,"column":26}},"72":{"start":{"line":103,"column":8},"end":{"line":103,"column":37}},"73":{"start":{"line":106,"column":4},"end":{"line":106,"column":38}},"74":{"start":{"line":107,"column":4},"end":{"line":107,"column":30}},"75":{"start":{"line":110,"column":2},"end":{"line":126,"column":4}},"76":{"start":{"line":111,"column":4},"end":{"line":111,"column":65}},"77":{"start":{"line":112,"column":4},"end":{"line":112,"column":52}},"78":{"start":{"line":113,"column":4},"end":{"line":113,"column":17}},"79":{"start":{"line":114,"column":4},"end":{"line":124,"column":5}},"80":{"start":{"line":115,"column":6},"end":{"line":115,"column":86}},"81":{"start":{"line":116,"column":6},"end":{"line":116,"column":51}},"82":{"start":{"line":117,"column":6},"end":{"line":119,"column":7}},"83":{"start":{"line":118,"column":8},"end":{"line":118,"column":14}},"84":{"start":{"line":120,"column":6},"end":{"line":120,"column":66}},"85":{"start":{"line":121,"column":6},"end":{"line":121,"column":44}},"86":{"start":{"line":122,"column":6},"end":{"line":122,"column":45}},"87":{"start":{"line":123,"column":6},"end":{"line":123,"column":73}},"88":{"start":{"line":125,"column":4},"end":{"line":125,"column":19}},"89":{"start":{"line":128,"column":2},"end":{"line":130,"column":4}},"90":{"start":{"line":129,"column":4},"end":{"line":129,"column":51}},"91":{"start":{"line":132,"column":2},"end":{"line":233,"column":4}},"92":{"start":{"line":133,"column":4},"end":{"line":133,"column":81}},"93":{"start":{"line":134,"column":4},"end":{"line":134,"column":25}},"94":{"start":{"line":135,"column":4},"end":{"line":232,"column":5}},"95":{"start":{"line":136,"column":6},"end":{"line":136,"column":130}},"96":{"start":{"line":137,"column":6},"end":{"line":229,"column":7}},"97":{"start":{"line":138,"column":8},"end":{"line":138,"column":38}},"98":{"start":{"line":139,"column":8},"end":{"line":141,"column":9}},"99":{"start":{"line":140,"column":10},"end":{"line":140,"column":39}},"100":{"start":{"line":142,"column":13},"end":{"line":229,"column":7}},"101":{"start":{"line":143,"column":8},"end":{"line":228,"column":9}},"102":{"start":{"line":145,"column":12},"end":{"line":145,"column":66}},"103":{"start":{"line":146,"column":12},"end":{"line":146,"column":41}},"104":{"start":{"line":148,"column":12},"end":{"line":148,"column":59}},"105":{"start":{"line":149,"column":12},"end":{"line":149,"column":41}},"106":{"start":{"line":151,"column":12},"end":{"line":151,"column":50}},"107":{"start":{"line":152,"column":12},"end":{"line":152,"column":47}},"108":{"start":{"line":153,"column":12},"end":{"line":153,"column":41}},"109":{"start":{"line":155,"column":12},"end":{"line":155,"column":46}},"110":{"start":{"line":156,"column":12},"end":{"line":158,"column":13}},"111":{"start":{"line":157,"column":14},"end":{"line":157,"column":56}},"112":{"start":{"line":159,"column":12},"end":{"line":164,"column":13}},"113":{"start":{"line":160,"column":14},"end":{"line":163,"column":16}},"114":{"start":{"line":165,"column":12},"end":{"line":165,"column":31}},"115":{"start":{"line":166,"column":12},"end":{"line":166,"column":41}},"116":{"start":{"line":168,"column":12},"end":{"line":168,"column":26}},"117":{"start":{"line":169,"column":12},"end":{"line":169,"column":30}},"118":{"start":{"line":170,"column":12},"end":{"line":193,"column":13}},"119":{"start":{"line":171,"column":14},"end":{"line":171,"column":29}},"120":{"start":{"line":172,"column":14},"end":{"line":192,"column":15}},"121":{"start":{"line":174,"column":18},"end":{"line":176,"column":19}},"122":{"start":{"line":175,"column":20},"end":{"line":175,"column":71}},"123":{"start":{"line":177,"column":18},"end":{"line":177,"column":24}},"124":{"start":{"line":179,"column":18},"end":{"line":181,"column":19}},"125":{"start":{"line":180,"column":20},"end":{"line":180,"column":78}},"126":{"start":{"line":182,"column":18},"end":{"line":182,"column":24}},"127":{"start":{"line":184,"column":18},"end":{"line":186,"column":19}},"128":{"start":{"line":185,"column":20},"end":{"line":185,"column":75}},"129":{"start":{"line":187,"column":18},"end":{"line":187,"column":24}},"130":{"start":{"line":189,"column":18},"end":{"line":191,"column":19}},"131":{"start":{"line":190,"column":20},"end":{"line":190,"column":83}},"132":{"start":{"line":194,"column":12},"end":{"line":196,"column":13}},"133":{"start":{"line":195,"column":14},"end":{"line":195,"column":67}},"134":{"start":{"line":197,"column":12},"end":{"line":197,"column":61}},"135":{"start":{"line":198,"column":12},"end":{"line":205,"column":13}},"136":{"start":{"line":199,"column":14},"end":{"line":202,"column":17}},"137":{"start":{"line":204,"column":14},"end":{"line":204,"column":61}},"138":{"start":{"line":206,"column":12},"end":{"line":206,"column":18}},"139":{"start":{"line":208,"column":12},"end":{"line":208,"column":65}},"140":{"start":{"line":209,"column":12},"end":{"line":209,"column":34}},"141":{"start":{"line":210,"column":12},"end":{"line":217,"column":13}},"142":{"start":{"line":211,"column":14},"end":{"line":214,"column":17}},"143":{"start":{"line":216,"column":14},"end":{"line":216,"column":61}},"144":{"start":{"line":218,"column":12},"end":{"line":218,"column":18}},"145":{"start":{"line":220,"column":12},"end":{"line":220,"column":34}},"146":{"start":{"line":221,"column":12},"end":{"line":221,"column":34}},"147":{"start":{"line":223,"column":12},"end":{"line":223,"column":34}},"148":{"start":{"line":224,"column":12},"end":{"line":224,"column":46}},"149":{"start":{"line":225,"column":12},"end":{"line":225,"column":38}},"150":{"start":{"line":227,"column":12},"end":{"line":227,"column":72}},"151":{"start":{"line":235,"column":2},"end":{"line":284,"column":5}},"152":{"start":{"line":236,"column":4},"end":{"line":236,"column":35}},"153":{"start":{"line":237,"column":4},"end":{"line":252,"column":5}},"154":{"start":{"line":238,"column":6},"end":{"line":238,"column":28}},"155":{"start":{"line":239,"column":6},"end":{"line":241,"column":7}},"156":{"start":{"line":240,"column":8},"end":{"line":240,"column":99}},"157":{"start":{"line":242,"column":6},"end":{"line":242,"column":20}},"158":{"start":{"line":243,"column":11},"end":{"line":252,"column":5}},"159":{"start":{"line":244,"column":6},"end":{"line":244,"column":28}},"160":{"start":{"line":245,"column":6},"end":{"line":245,"column":16}},"16
[...]
3":0,"884":0,"885":0,"886":0,"890":1,"891":0,"892":0,"893":0,"894":0,"895":0,"896":0,"900":1,"901":0,"902":0,"903":0,"904":0,"905":0,"906":0,"910":1,"911":0,"912":0,"913":0,"914":0,"915":0,"916":0,"920":1,"921":0,"922":0,"923":0,"924":0,"925":0,"926":0,"927":0,"928":0,"929":0,"932":0,"933":0,"934":0,"935":0,"939":1,"940":0,"941":0,"942":0,"943":0,"944":0,"945":0,"946":0,"947":0,"949":0,"950":0,"951":0,"952":0,"953":0,"954":0,"955":0,"957":0,"960":0,"962":0,"963":0,"964":0,"965":0,"969":1,"970":0,"971":0,"972":0,"973":0,"974":0,"975":0,"979":1,"980":0,"983":1,"984":0,"985":0,"986":0,"987":0,"988":0,"989":0,"993":1,"994":0,"995":0,"996":0,"997":0,"998":0,"999":0,"1003":1,"1004":0,"1005":0,"1006":0,"1007":0,"1008":0,"1009":0,"1013":1,"1014":0,"1015":0,"1016":0,"1017":0,"1018":0,"1019":0,"1023":1,"1024":0,"1027":1,"1028":0,"1029":0,"1030":0,"1031":0,"1032":0,"1033":0,"1037":1,"1038":0,"1039":0,"1040":0,"1041":0,"1042":0,"1043":0,"1047":1,"1048":0,"1051":1,"1052":0,"1055":1,"1056":0,"1059":1,"1060":0,"1063":1,"1064":0,"1065":0,"1066":0,"1067":0,"1068":0,"1069":0,"1073":1,"1074":0,"1075":0,"1076":0,"1077":0,"1078":0,"1079":0,"1080":0,"1081":0,"1082":0,"1085":0,"1086":0,"1087":0,"1088":0,"1092":1,"1093":0,"1094":0,"1095":0,"1096":0,"1097":0,"1098":0,"1099":0,"1100":0,"1101":0,"1104":0,"1105":0,"1106":0,"1107":0,"1111":1,"1112":0,"1113":0,"1114":0,"1115":0,"1116":0,"1117":0,"1118":0,"1119":0,"1120":0,"1123":0,"1124":0,"1125":0,"1126":0,"1130":1,"1131":0,"1134":1,"1135":0,"1136":0,"1137":0,"1138":0,"1139":0,"1141":0,"1144":0,"1148":1,"1149":0,"1150":0,"1151":0,"1152":0,"1153":0,"1154":0,"1158":1,"1159":0,"1160":0,"1161":0,"1162":0,"1163":0,"1164":0,"1168":1,"1169":0,"1170":0,"1171":0,"1172":0,"1173":0,"1174":0,"1178":1,"1179":0,"1180":0,"1181":0,"1182":0,"1183":0,"1184":0,"1188":1,"1189":0,"1192":1,"1193":0,"1196":1,"1197":0,"1200":1,"1201":0,"1202":0,"1203":0,"1204":0,"1205":0,"1206":0,"1210":1,"1211":0,"1212":0,"1213":0,"1214":0,"1215":0,"1216":0,"1220":1,"1221":0,"1222":0,"1223":0,"1224":0,"1225":0,"1226":0,"1230":1,"1231":0,"1232":0,"1233":0,"1234":0,"1235":0,"1236":0,"1240":1,"1241":0,"1242":0,"1243":0,"1244":0,"1245":0,"1246":0,"1250":1,"1251":0,"1254":1,"1255":0,"1256":0,"1257":0,"1258":0,"1259":0,"1260":0,"1264":1,"1265":0,"1266":0,"1267":0,"1268":0,"1269":0,"1270":0,"1274":1,"1275":0,"1276":0,"1277":0,"1278":0,"1279":0,"1280":0,"1284":1,"1285":0,"1286":0,"1287":0,"1288":0,"1289":0,"1290":0,"1294":1,"1295":0,"1296":0,"1297":0,"1298":0,"1299":0,"1300":0,"1304":1,"1305":0,"1306":0,"1307":0,"1308":0,"1309":0,"1310":0,"1314":1,"1315":0,"1316":0,"1317":0,"1318":0,"1319":0,"1320":0,"1324":1,"1325":0,"1326":0,"1327":0,"1328":0,"1329":0,"1330":0,"1334":1,"1335":0,"1336":0,"1337":0,"1338":0,"1339":0,"1340":0,"1344":1,"1345":0,"1346":0,"1347":0,"1348":0,"1349":0,"1350":0,"1354":1,"1355":0,"1356":0,"1357":0,"1358":0,"1359":0,"1360":0,"1364":1,"1365":0,"1366":0,"1367":0,"1368":0,"1369":0,"1370":0,"1374":1,"1375":0,"1378":1,"1379":0,"1382":1,"1386":1,"1387":1,"1389":1,"1391":1,"1393":1,"1394":0,"1395":0,"1396":0,"1397":0,"1400":1,"1401":0,"1403":0,"1405":0,"1409":1,"1410":0,"1411":0,"1412":0,"1415":0,"1418":1,"1422":1,"1423":0,"1424":0,"1425":0,"1426":0,"1427":0,"1428":0,"1430":0,"1433":1,"1434":22,"1435":22,"1436":22,"1437":0,"1438":0,"1439":0,"1440":0,"1442":0,"1444":22,"1447":1,"1448":1,"1450":1,"1451":22,"1452":22,"1453":22,"1454":22,"1455":22,"1456":22,"1457":22,"1458":0,"1459":0,"1460":0,"1462":0,"1465":22,"1467":22,"1468":22,"1471":1,"1472":0,"1473":0,"1474":0,"1475":0,"1476":0,"1477":0,"1479":0,"1480":0,"1481":0,"1482":0,"1483":0,"1484":0,"1485":0,"1486":0,"1488":0,"1489":0,"1491":0,"1494":1,"1495":0,"1496":0,"1498":0,"1499":0,"1501":0,"1505":1,"1509":1,"1510":1,"1512":1,"1513":21,"1516":1,"1517":0,"1520":1,"1524":1,"1525":0,"1526":0,"1527":0,"1529":0,"1530":0,"1531":0,"1532":0,"1533":0,"1535":0,"1538":1,"1539":0,"1540":0,"1542":0,"1543":0,"1544":0,"1545":0,"1546":0,"1547":0,"1549":0,"1554":1,"1555":0,"1556":0,"1557":0,"1558":0,"1560":0,"1561":0,"1562":0,"1564":0,"1566":0,"1569":1,"1570":0,"1573":1,"1574":1,"1576":1,"1577":0,"1580":1,"1582":1,"1584":1,"1585":0,"1588":1,"1592":1,"1593":1,"1595":1,"1597":1,"1599":1,"1600":0,"1601":0,"1602":0,"1604":0,"1605":0,"1606":0,"1607":0,"1608":0,"1609":0,"1610":0,"1612":0,"1614":0,"1617":1,"1618":0,"1621":1,"1622":0,"1623":0,"1624":0,"1625":0,"1626":0,"1627":0,"1628":0,"1630":0,"1633":1,"1637":1,"1638":1,"1640":1,"1641":0,"1644":1,"1646":1,"1647":0,"1650":1,"1654":1,"1655":1,"1657":1,"1658":0,"1661":1,"1663":1,"1665":1,"1669":1,"1670":1,"1672":1,"1673":0,"1676":1,"1678":1,"1680":1,"1684":1,"1685":1,"1687":1,"1688":0,"1691":1,"1693":1,"1695":1,"1699":1,"1700":1,"1702":1,"1704":1,"1706":1,"1707":0,"1708":0,"1709":0,"1710":0,"1711":0,"1712":0,"1714":0,"1716":0,"1719":1,"1720":0,"1721":0,"1723":0,"1727":1,"1728":0,"1729":0,"1734":0,"1738":1,"1742":1,"1743":1,"1745":1,"1746":0,"1749":1,"1751":1,"1753":1,"1757":1,"1758":1,"1760":1,"1761":0,"1764":1,"1766":1,"1768":1,"1772":1,"1773":1,"1775":1,"1776":0,"1779":1,"1781":1,"1783":1,"1787":1,"1788":1,"1790":1,"1791":1,"1794":1,"1796":1,"1797":0,"1800":1,"1804":1,"1805":1,"1807":1,"1808":0,"1811":1,"1813":1,"1815":1,"1819":1,"1820":1,"1822":1,"1823":0,"1826":1,"1828":1,"1830":1,"1831":0,"1832":0,"1834":0,"1838":1,"1842":1,"1843":1,"1845":1,"1846":0,"1849":1,"1851":1,"1853":1,"1857":1,"1858":1,"1860":1,"1861":0,"1864":1,"1866":1,"1868":1,"1872":1,"1873":1,"1875":1,"1876":0,"1879":1,"1881":1,"1883":1,"1887":1,"1888":1,"1890":1,"1891":0,"1894":1,"1896":1,"1898":1,"1902":1,"1903":1,"1905":1,"1906":0,"1909":1,"1911":1,"1913":1,"1917":1,"1918":1,"1920":1,"1921":0,"1924":1,"1926":1,"1928":1,"1932":1,"1933":1,"1935":1,"1936":0,"1939":1,"1941":1,"1943":1,"1947":1,"1948":1,"1950":1,"1951":0,"1954":1,"1956":1,"1958":1,"1962":1,"1963":1,"1965":1,"1966":0,"1969":1,"1971":1,"1973":1,"1977":1,"1978":1,"1980":1,"1981":0,"1984":1,"1986":1,"1988":1,"1992":1,"1993":1,"1995":1,"1996":0,"1999":1,"2001":1,"2003":1,"2007":1,"2008":1,"2010":1,"2011":0,"2014":1,"2016":1,"2018":1,"2022":1,"2023":1,"2025":1,"2026":0,"2029":1,"2031":1,"2033":1,"2037":1,"2038":1,"2040":1,"2041":0,"2044":1,"2046":1,"2048":1,"2052":1,"2053":1,"2055":1,"2056":0,"2059":1,"2061":1,"2063":1,"2067":1,"2068":1,"2070":1,"2071":0,"2074":1,"2076":1,"2078":1,"2082":1,"2083":1,"2085":1,"2086":0,"2089":1,"2091":1,"2093":1,"2097":1,"2098":1,"2100":1,"2101":0,"2104":1,"2106":1,"2108":1,"2112":1,"2113":1,"2115":1,"2116":0,"2119":1,"2121":1,"2123":1,"2127":1,"2128":1,"2130":1,"2131":0,"2134":1,"2136":1,"2138":1,"2142":1,"2143":1,"2145":1,"2146":0,"2149":1,"2151":1,"2153":1,"2157":1,"2158":1,"2160":1,"2161":0,"2164":1,"2166":1,"2168":1,"2172":1,"2173":1,"2175":1,"2176":0,"2179":1,"2181":1,"2183":1,"2187":1,"2188":1,"2190":1,"2191":0,"2194":1,"2196":1,"2198":1,"2202":1,"2203":1,"2205":1,"2206":0,"2209":1,"2211":1,"2213":1,"2217":1,"2218":1,"2220":1,"2221":0,"2224":1,"2226":1,"2228":1,"2232":1,"2233":1,"2235":1,"2236":0,"2239":1,"2241":1,"2243":1,"2247":1,"2248":1,"2250":1,"2251":0,"2254":1,"2256":1,"2258":1,"2262":1,"2263":1,"2265":1,"2266":0,"2269":1,"2271":1,"2273":1,"2274":0,"2277":1,"2281":1,"2282":1,"2284":1,"2285":0,"2288":1,"2290":1,"2292":1,"2296":1,"2297":1,"2299":1,"2300":0,"2303":1,"2305":1,"2307":1,"2311":1,"2312":1,"2314":1,"2315":0,"2318":1,"2320":1,"2322":1,"2326":1,"2327":1,"2329":1,"2330":0,"2333":1,"2335":1,"2337":1,"2341":1,"2342":1,"2344":1,"2345":0,"2348":1,"2350":1,"2352":1,"2356":1,"2357":1,"2359":1,"2360":0,"2363":1,"2365":1,"2367":1,"2371":1,"2372":1,"2374":1,"2375":0,"2378":1,"2380":1,"2382":1,"2386":1,"2387":1,"2389":1,"2390":0,"2393":1,"2395":1,"2397":1,"2401":1,"2402":1,"2404":1,"2405":0,"2408":1,"2410":1,"2412":1,"2416":1,"2417":1,"2419":1,"2420":0,"2423":1,"2425":1,"2427":1,"2431":1,"2432":1,"2434":1,"2435":0,"2438":1,"2440":1,"2442":1,"2446":1,"2447":1,"2449":1,"2450":0,"2453":1,"2455":1,"2457":1,"2461":1,"2462":1,"2464":1,"2465":0,"2468":1,"2470":1,"2472":1,"2476":1,"2477":1,"2479":1,"2480":0,"2483":1,"2485":1,"2487":1,"2491":1,"2492":1,"2494":1,"2495":0,"2498":1,"2500":1,"2502":1,"2506":1,"2507":1,"2509":1,"2510":0,"2513":1,"2515":1,"2517":1,"2521":1,"2522":1,"2524":1,"2525":0,"2528":1,"2530":1,"2532":1,"2536":1,"2537":1,"2539":1,"2540":0,"2543":1,"2545":1,"2547":1,"2551":1,"2552":1,"2554":1,"2555":0,"2558":1,"2560":1,"2562":1,"2566":1,"2567":1,"2569":1,"2570":0,"2573":1,"2575":1,"2577":1,"2581":1,"2582":1,"2584":1,"2585":0,"2588":1,"2590":1,"2592":1,"2596":1,"2597":1,"2599":1,"2600":0,"2603":1,"2605":1,"2607":1,"2611":1,"2612":1,"2614":1,"2615":0,"2618":1,"2620":1,"2622":1,"2626":1,"2627":1,"2629":1,"2630":0,"2633":1,"2635":1,"2637":1,"2641":1,"2642":1,"2644":1,"2645":0,"2648":1,"2650":1,"2652":1,"2656":1,"2657":1,"2659":1,"2660":0,"2663":1,"2665":1,"2667":1,"2671":1,"2672":1,"2674":1,"2675":0,"2678":1,"2680":1,"2682":1,"2686":1,"2687":1,"2689":1,"2690":0,"2693":1,"2695":1,"2697":1,"2701":1,"2702":1,"2704":1,"2705":0,"2708":1,"2710":1,"2712":1,"2716":1,"2717":1,"2719":1,"2720":0,"2723":1,"2725":1,"2727":1,"2731":1,"2732":1,"2734":1,"2735":0,"2738":1,"2740":1,"2742":1,"2746":1,"2747":1,"2749":1,"2750":0,"2753":1,"2755":1,"2757":1,"2761":1,"2762":1,"2764":1,"2765":0,"2768":1,"2770":1,"2772":1,"2776":1,"2777":1,"2779":1,"2780":0,"2783":1,"2785":1,"2787":1,"2791":1,"2792":1,"2794":1,"2795":0,"2798":1,"2800":1,"2802":1,"2806":1,"2807":1,"2809":1,"2810":0,"2813":1,"2815":1,"2817":1,"2821":1,"2822":1,"2824":1,"2825":0,"2828":1,"2830":1,"2832":1,"2836":1,"2837":1,"2839":1,"2840":0,"2843":1,"2845":1,"2847":1,"2851":1,"2852":1,"2854":1,"2855":0,"2858":1,"2860":1,"2862":1,"2866":1,"2867":1,"2869":1,"2870":0,"2873":1,"2875":1,"2877":1,"2881":1,"2882":1,"2884":1,"2885":0,"2888":1,"2890":1,"2892":1,"2896":1,"2897":1,"2899":1,"2900":0,"2903":1,"2905":1,"2907":1,"2911":1,"2912":1,"2914":1,"2915":0,"2918":1,"2920":1,"2922":1,"2926":1,"2927":1,"2929":1,"2930":0,"2933":1,"2935":1,"2937":1,"2941":1,"2942":1,"2944":1,"2945":0,"2948":1,"2950":1,"2952":1,"2956":1,"2957":1,"2959":1,"2960":0,"2963":1,"2965":1,"2967":1,"2971":1,"2972":1,"2974":1,"2975":0,"2978":1,"2980":1,"2982":1,"2986":1,"2987":1,"2989":1,"2990":0,"2993":1,"2995":1,"2997":1,"3001":1,"3002":1,"3004":1,"3005":0,"3008":1,"3010":1,"3012":1,"3016":1,"3017":1,"3019":1,"3020":0,"3023":1,"3025":1,"3027":1,"3031":1,"3032":1,"3034":1,"3035":0,"3038":1,"3040":1,"3042":1,"3046":1,"3047":1,"3049":1,"3050":0,"3053":1,"3055":1,"3057":1,"3061":1,"3062":1,"3064":1,"3065":0,"3068":1,"3070":1,"3072":1,"3076":1,"3077":1,"3079":1,"3080":0,"3083":1,"3085":1,"3087":1,"3091":1,"3092":1,"3094":1,"3095":0,"3098":1,"3100":1,"3102":1,"3106":1,"3107":1,"3109":1,"3110":0,"3113":1,"3115":1,"3117":1,"3121":1,"3122":1,"3124":1,"3125":0,"3128":1,"3130":1,"3132":1,"3136":1,"3137":1,"3139":1,"3140":0,"3143":1,"3145":1,"3147":1,"3151":1,"3152":1,"3154":1,"3155":0,"3158":1,"3160":1,"3162":1,"3166":1,"3167":1,"3169":1,"3170":0,"3173":1,"3175":1,"3177":1,"3181":1,"3182":1,"3184":1,"3185":0,"3188":1,"3190":1,"3192":1,"3196":1,"3197":1,"3199":1,"3200":0,"3203":1,"3205":1,"3207":1,"3211":1,"3212":1,"3214":1,"3215":0,"3218":1,"3220":1,"3222":1,"3226":1,"3227":1,"3229":1,"3230":0,"3233":1,"3235":1,"3237":1,"3241":1,"3242":1,"3244":1,"3245":0,"3248":1,"3250":1,"3252":1,"3256":1,"3257":1,"3259":1,"3260":0,"3263":1,"3265":1,"3267":1,"3271":1,"3272":1,"3274":1,"3275":0,"3278":1,"3280":1,"3282":1,"3286":1,"3287":1,"3289":1,"3290":0,"3293":1,"3295":1,"3297":1,"3301":1,"3302":1,"3304":1,"3305":0,"3308":1,"3310":1,"3312":1,"3316":1,"3317":1,"3319":1,"3320":0,"3323":1,"3325":1,"3327":1,"3331":1,"3332":1,"3334":1,"3335":0,"3338":1,"3340":1,"3342":1,"3343":0,"3344":0,"3346":0,"3347":0,"3349":0,"3353":1,"3357":1,"3358":1,"3360":1,"3361":0,"3364":1,"3366":1,"3368":1,"3372":1,"3373":1,"3375":1,"3376":0,"3379":1,"3381":1,"3383":1,"3387":1,"3388":1,"3390":1,"3391":0,"3394":1,"3396":1,"3398":1,"3402":1,"3403":1,"3405":1,"3406":0,"3409":1,"3411":1,"3413":1,"3417":1,"3418":1,"3420":1,"3421":0,"3424":1,"3426":1,"3428":1,"3432":1,"3433":1,"3435":1,"3437":1,"3439":1,"3440":0,"3441":0,"3442":0,"3443":0,"3444":0,"3445":0,"3446":0,"3447":0,"3448":0,"3450":0,"3451":0,"3452":0,"3454":0,"3455":0,"3456":0,"3457":0,"3459":0,"3462":1,"3463":0,"3464":0,"3465":0,"3467":0,"3468":0,"3469":0,"3470":0,"3471":0,"3472":0,"3474":0,"3477":0,"3481":1,"3485":1,"3486":1,"3488":1,"3489":0,"3492":1,"3494":1,"3496":1,"3500":1,"3501":1,"3503":1,"3504":0,"3507":1,"3509":1,"3511":1,"3515":1,"3516":1,"3518":1,"3519":0,"3522":1,"3524":1,"3526":1,"3530":1,"3531":1,"3533":1,"3534":0,"3537":1,"3539":1,"3541":1,"3545":1,"3546":1,"3548":1,"3549":0,"3552":1,"3554":1,"3556":1,"3560":1,"3561":1,"3563":1,"3564":0,"3567":1,"3569":1,"3571":1,"3575":1,"3576":1,"3578":1,"3579":0,"3582":1,"3584":1,"3586":1,"3590":1,"3591":1,"3593":1,"3594":0,"3597":1,"3599":1,"3601":1,"3605":1,"3606":1,"3608":1,"3609":0,"3612":1,"3614":1,"3616":1,"3620":1,"3621":1,"3623":1,"3624":0,"3627":1,"3629":1,"3631":1,"3635":1,"3636":1,"3638":1,"3639":0,"3642":1,"3644":1,"3646":1,"3650":1,"3651":1,"3653":1,"3654":0,"3657":1,"3659":1,"3661":1,"3665":1,"3666":1,"3668":1,"3669":0,"3672":1,"3674":1,"3676":1,"3680":1,"3681":1,"3683":1,"3684":0,"3687":1,"3689":1,"3691":1,"3695":1,"3696":1,"3698":1,"3699":0,"3702":1,"3704":1,"3706":1,"3710":1,"3711":1,"3713":1,"3714":0,"3717":1,"3719":1,"3721":1,"3725":1,"3726":1,"3728":1,"3729":0,"3732":1,"3734":1,"3736":1,"3740":1,"3741":1,"3743":1,"3744":0,"3747":1,"3749":1,"3751":1,"3755":1,"3756":1,"3758":1,"3759":0,"3762":1,"3764":1,"3766":1,"3770":1,"3771":1,"3773":1,"3774":0,"3777":1,"3779":1,"3781":1,"3785":1,"3786":1,"3788":1,"3789":0,"3792":1,"3794":1,"3796":1,"3800":1,"3801":1,"3803":1,"3804":0,"3807":1,"3809":1,"3811":1,"3815":1,"3816":1,"3818":1,"3819":0,"3822":1,"3824":1,"3826":1,"3830":1,"3831":1,"3833":1,"3834":0,"3837":1,"3839":1,"3841":1,"3845":1,"3846":1,"3848":1,"3849":0,"3852":1,"3854":1,"3856":1,"3860":1,"3861":1,"3863":1,"3864":0,"3867":1,"3869":1,"3871":1,"3875":1,"3876":1,"3878":1,"3879":0,"3882":1,"3884":1,"3886":1,"3890":1,"3891":1,"3893":1,"3894":0,"3897":1,"3899":1,"3901":1,"3905":1,"3906":1,"3908":1,"3909":0,"3912":1,"3914":1,"3916":1,"3920":1,"3921":1,"3923":1,"3924":0,"3927":1,"3929":1,"3931":1,"3935":1,"3936":1,"3938":1,"3939":0,"3942":1,"3944":1,"3946":1,"3950":1,"3951":1,"3953":1,"3954":0,"3957":1,"3959":1,"3961":1,"3965":1,"3966":1,"3968":1,"3969":0,"3972":1,"3974":1,"3976":1,"3980":1,"3981":1,"3983":1,"3984":0,"3987":1,"3989":1,"3991":1,"3995":1,"3996":1,"3998":1,"3999":0,"4002":1,"4004":1,"4006":1,"4010":1,"4011":1,"4013":1,"4014":0,"4017":1,"4019":1,"4021":1,"4025":1,"4026":0,"4027":0,"4028":0,"4030":0,"4031":0,"4033":0,"4034":0,"4036":0,"4037":0,"4038":0,"4039":0,"4040":0,"4041":0,"4042":0,"4043":0,"4044":0,"4045":0,"4046":0,"4047":0,"4048":0,"4049":0,"4050":0,"4051":0,"4052":0,"4054":0,"4056":0,"4057":0,"4058":0,"4059":0,"4061":0,"4062":0,"4063":0,"4064":0,"4066":0,"4070":1,"4071":0,"4074":1,"4075":0,"4078":1,"4079":0,"4080":0,"4081":0,"4082":0,"4083":0,"4084":0,"4088":1,"4089":0,"4090":0,"4091":0,"4092":0,"4093":0,"4094":0,"4098":1,"4099":0,"4100":0,"4101":0,"4102":0,"4103":0,"4104":0,"4105":0,"4106":0,"4108":0,"4109":0,"4110":0,"4111":0,"4115":1,"4116":0,"4119":1,"4121":1,"4122":0,"4125":1,"4126":0,"4127":0,"4128":0,"4129":0,"4130":0,"4131":0,"4135":1,"4136":0,"4137":0,"4138":0,"4139":0,"4140":0,"4141":0,"4145":1,"4146":0,"4147":0,"4148":0,"4149":0,"4150":0,"4151":0,"4155":1,"4156":0,"4157":0,"4158":0,"4159":0,"4160":0,"4161":0,"4165":1,"4166":0,"4169":1,"4170":0,"4171":0,"4172":0,"4173":0,"4174":0,"4175":0,"4179":1,"4180":0,"4181":0,"4182":0,"4183":0,"4184":0,"4185":0,"4189":1,"4190":0,"4191":0,"4192":0,"4193":0,"4194":0,"4195":0,"4199":1,"4200":0,"4201":0,"4202":0,"4203":0,"4204":0,"4205":0,"4209":1,"4210":0,"4211":0,"4212":0,"4213":0,"4214":0,"4215":0,"4219":1,"4220":0,"4221":0,"4222":0,"4223":0,"4224":0,"4225":0,"4229":1,"4230":0,"4231":0,"4232":0,"4233":0,"4234":0,"4235":0,"4239":1,"4240":0,"4241":0,"4242":0,"4243":0,"4244":0,"4245":0,"4249":1,"4250":0,"4251":0,"4252":0,"4253":0,"4254":0,"4255":0,"4259":1,"4260":0,"4261":0,"4262":0,"4263":0,"4264":0,"4265":0,"4269":1,"4270":0,"4271":0,"4272":0,"4273":0,"4274":0,"4275":0,"4279":1,"4280":0,"4281":0,"4282":0,"4283":0,"4284":0,"4285":0,"4289":1,"4290":0,"4291":0,"4292":0,"4293":0,"4294":0,"4295":0,"4299":1,"4300":0,"4301":0,"4302":0,"4303":0,"4304":0,"4305":0,"4309":1,"4310":0,"4311":0,"4312":0,"4313":0,"4314":0,"4315":0,"4319":1,"4320":0,"4321":0,"4322":0,"4323":0,"4324":0,"4325":0,"4329":1,"4330":0,"4331":0,"4332":0,"4333":0,"4334":0,"4335":0,"4339":1,"4340":0,"4341":0,"4342":0,"4343":0,"4344":0,"4345":0,"4349":1,"4350":0,"4351":0,"4352":0,"4353":0,"4354":0,"4355":0,"4359":1,"4360":0,"4361":0,"4362":0,"4363":0,"4364":0,"4365":0,"4369":1,"4370":0,"4371":0,"4372":0,"4373":0,"4374":0,"4375":0,"4379":1,"4380":0,"4381":0,"4382":0,"4383":0,"4384":0,"4385":0,"4389":1,"4390":0,"4391":0,"4392":0,"4393":0,"4394":0,"4395":0,"4399":1,"4400":0,"4401":0,"4402":0,"4403":0,"4404":0,"4405":0,"4409":1,"4410":0,"4411":0,"4412":0,"4413":0,"4414":0,"4415":0,"4419":1,"4420":0,"4421":0,"4422":0,"4423":0,"4424":0,"4425":0,"4429":1,"4430":0,"4431":0,"4432":0,"4433":0,"4434":0,"4435":0,"4439":1,"4440":0,"4441":0,"4442":0,"4443":0,"4444":0,"4445":0,"4449":1,"4450":0,"4451":0,"4452":0,"4453":0,"4454":0,"4455":0,"4459":1,"4460":0,"4461":0,"4462":0,"4463":0,"4464":0,"4465":0,"4469":1,"4470":0,"4471":0,"4472":0,"4473":0,"4474":0,"4475":0,"4479":1,"4480":0,"4481":0,"4482":0,"4483":0,"4484":0,"4485":0,"4489":1,"4490":0,"4491":0,"4492":0,"4493":0,"4494":0,"4495":0,"4499":1,"4500":0,"4501":0,"4502":0,"4503":0,"4504":0,"4505":0,"4509":1,"4510":0,"4511":0,"4512":0,"4513":0,"4514":0,"4515":0,"4519":1,"4520":0,"4521":0,"4522":0,"4523":0,"4524":0,"4525":0,"4529":1,"4530":0,"4531":0,"4532":0,"4533":0,"4534":0,"4535":0,"4539":1,"4540":0,"4543":1,"4544":0,"4545":0,"4546":0,"4547":0,"4548":0,"4549":0,"4553":1,"4554":0,"4555":0,"4556":0,"4557":0,"4558":0,"4559":0,"4563":1,"4564":0,"4565":0,"4566":0,"4567":0,"4568":0,"4569":0,"4573":1,"4574":1,"4576":1,"4577":1,"4580":1,"4582":1,"4584":1,"4588":1,"4589":1,"4591":1,"4592":1,"4595":1,"4597":1,"4599":1,"4603":1,"4604":1,"4606":1,"4607":1,"4610":1,"4612":1,"4614":1,"4618":1,"4619":1,"4621":1,"4622":1,"4625":1,"4627":1,"4629":1,"4633":1,"4634":1,"4636":1,"4637":1,"4640":1,"4642":1,"4644":1,"4648":1,"4649":1,"4651":1,"4652":1,"4655":1,"4657":1,"4659":1,"4663":1,"4664":1,"4666":1,"4667":1,"4670":1,"4672":1,"4674":1,"4678":1,"4679":1,"4681":1,"4682":1,"4685":1,"4687":1,"4689":1,"4693":1,"4694":1,"4696":1,"4697":1,"4700":1,"4702":1,"4704":1,"4708":1,"4709":1,"4711":1,"4712":1,"4715":1,"4717":1,"4719":1,"4723":1,"4724":1,"4726":1,"4727":1,"4730":1,"4732":1,"4734":1,"4738":1,"4739":1,"4741":1,"4742":1,"4745":1,"4747":1,"4749":1,"4753":1,"4754":1,"4756":1,"4757":1,"4760":1,"4762":1,"4764":1,"4768":1,"4769":1,"4771":1,"4772":1,"4775":1,"4777":1,"4779":1,"4783":1,"4784":1,"4786":1,"4787":1,"4790":1,"4792":1,"4794":1,"4798":1,"4799":1,"4801":1,"4802":1,"4805":1,"4807":1,"4809":1,"4813":1,"4814":1,"4816":1,"4817":1,"4820":1,"4822":1,"4824":1,"4828":1,"4829":1,"4831":1,"4832":1,"4835":1,"4837":1,"4839":1,"4843":1,"4844":1,"4846":1,"4847":1,"4850":1,"4852":1,"4854":1,"4858":1,"4859":1,"4861":1,"4862":1,"4865":1,"4867":1,"4869":1,"4873":1,"4874":1,"4876":1,"4877":1,"4880":1,"4882":1,"4884":1,"4888":1,"4889":0,"4890":0,"4891":0,"4892":0,"4893":0,"4894":0,"4898":1,"4899":0,"4900":0,"4901":0,"4902":0,"4903":0,"4904":0,"4908":1,"4909":0,"4910":0,"4911":0,"4912":0,"4913":0,"4914":0,"4918":1,"4919":0,"4920":0,"4921":0,"4922":0,"4923":0,"4924":0,"4928":1,"4929":0,"4930":0,"4931":0,"4932":0,"4933":0,"4934":0,"4938":1,"4939":0,"4940":0,"4941":0,"4942":0,"4943":0,"4944":0,"4948":1,"4949":0,"4950":0,"4951":0,"4952":0,"4953":0,"4954":0,"4958":1,"4959":0,"4962":1,"4963":0,"4966":1,"4967":0,"4968":0,"4969":0,"4970":0,"4971":0,"4972":0,"4976":1,"4977":0,"4978":0,"4979":0,"4980":0,"4981":0,"4982":0,"4986":1,"4987":0,"4988":0,"4989":0,"4990":0,"4991":0,"4992":0,"4996":1}}}